#
# A fatal error has been detected by the Java Runtime Environment:
#
#  EXCEPTION_ACCESS_VIOLATION (0xc0000005) at pc=0x0000021ad7b50fa4, pid=65252, tid=63672
#
# JRE version: OpenJDK Runtime Environment Temurin-21.0.7+6 (21.0.7+6) (build 21.0.7+6-LTS)
# Java VM: OpenJDK 64-Bit Server VM Temurin-21.0.7+6 (21.0.7+6-LTS, mixed mode, emulated-client, sharing, tiered, compressed oops, compressed class ptrs, g1 gc, windows-amd64)
# Problematic frame:
# v  ~BufferBlob::MethodHandles adapters 0x0000021ad7b50fa4
#
# No core dump will be written. Minidumps are not enabled by default on client versions of Windows
#
# If you would like to submit a bug report, please visit:
#   https://github.com/adoptium/adoptium-support/issues
#

---------------  S U M M A R Y ------------

Command Line: -XX:+ShowCodeDetailsInExceptionMessages -agentlib:jdwp=transport=dt_socket,suspend=y,address=localhost:56431 -Dcom.sun.management.jmxremote -Dcom.sun.management.jmxremote.port=56429 -Dcom.sun.management.jmxremote.authenticate=false -Dcom.sun.management.jmxremote.ssl=false -Djava.rmi.server.hostname=localhost -Dspring.jmx.enabled=true -Dmanagement.endpoints.jmx.exposure.include=* -Dspring.application.admin.enabled=true -Dspring.output.ansi.enabled=always -XX:TieredStopAtLevel=1 -Dspring.boot.project.name=yongha -javaagent:C:\sts-4.31.0.RELEASE\configuration\org.eclipse.osgi\273\0\.cp\lib\javaagent-shaded.jar -Dfile.encoding=UTF-8 -Dstdout.encoding=UTF-8 -Dstderr.encoding=UTF-8 com.ddak.yongha.YonghaApplication

Host: Intel(R) Core(TM) i5-10210U CPU @ 1.60GHz, 8 cores, 15G,  Windows 11 , 64 bit Build 26100 (10.0.26100.4768)
Time: Wed Sep  3 13:23:57 2025  Windows 11 , 64 bit Build 26100 (10.0.26100.4768) elapsed time: 2607.835551 seconds (0d 0h 43m 27s)

---------------  T H R E A D  ---------------

Current thread (0x0000021aea0b9800):  JavaThread "http-nio-9090-exec-7" daemon [_thread_in_Java, id=63672, stack(0x000000dc65e00000,0x000000dc65f00000) (1024K)]

Stack: [0x000000dc65e00000,0x000000dc65f00000],  sp=0x000000dc65efa478,  free space=1001k
Native frames: (J=compiled Java code, j=interpreted, Vv=VM code, C=native code)
C  0x0000021ad7b50fa4

The last pc belongs to _linkToVirtual (printed below).

siginfo: EXCEPTION_ACCESS_VIOLATION (0xc0000005), reading address 0x0000021b646f1c36


Registers:
RAX=0x0000021ad7b2958b, RBX=0x0000000706e52f98, RCX=0x000000dc65efa490, RDX=0x0000000000000004
RSP=0x000000dc65efa478, RBP=0x000000dc65efa4d8, RSI=0x0000021aeab4d908, RDI=0x0000021aeab9e250
R8 =0x0000000000000004, R9 =0x0000000000000004, R10=0x0000021b646f1a76, R11=0x0000000000000000
R12=0x0000000000000000, R13=0x000000dc65efa478, R14=0x000000dc65efa508, R15=0x0000021aea0b9800
RIP=0x0000021ad7b50fa4, EFLAGS=0x0000000000010202

XMM[0]=0x0000000000000000 0x0000000000000000
XMM[1]=0x0000000000000000 0x0000000000000000
XMM[2]=0x0000000000000000 0x0000000000000000
XMM[3]=0x0000000000000000 0x0000000000000000
XMM[4]=0x0000000000000000 0x0000000000000000
XMM[5]=0x0000000000000000 0x0000000000000000
XMM[6]=0x0000000000000000 0x0000000000000000
XMM[7]=0x0000000000000000 0x0000000000000000
XMM[8]=0x0000000000000000 0x0000000000000000
XMM[9]=0x0000000000000000 0x0000000000000000
XMM[10]=0x0000000000000000 0x0000000000000000
XMM[11]=0x0000000000000000 0x0000000000000000
XMM[12]=0x0000000000000000 0x0000000000000000
XMM[13]=0x0000000000000000 0x0000000000000000
XMM[14]=0x0000000000000000 0x0000000000000000
XMM[15]=0x0000000000000000 0x0000000000000000
  MXCSR=0x00001fa0


Register to memory mapping:

RAX=0x0000021ad7b2958b is at code_begin+4363 in an Interpreter codelet
return entry points  [0x0000021ad7b28480, 0x0000021ad7b2a298]  7704 bytes
RBX=0x0000000706e52f98 is an oop: com.ddak.yongha.vo.UsersVO 
{0x0000000706e52f98} - klass: 'com/ddak/yongha/vo/UsersVO'
 - ---- fields (total size 12 words):
 - private 'user_no' 'I' @12  0 (0x00000000)
 - private 'dday' 'J' @16  0 (0x0000000000000000)
 - private 'user_type' 'I' @24  0 (0x00000000)
 - private 'profile' 'I' @28  0 (0x00000000)
 - private 'account_no' 'I' @32  0 (0x00000000)
 - private 'trans_cycle' 'I' @36  0 (0x00000000)
 - private 'user_id' 'Ljava/lang/String;' @40  "parent002"{0x0000000706c63618} (0xe0d8c6c3)
 - private 'password' 'Ljava/lang/String;' @44  null (0x00000000)
 - private 'user_name' 'Ljava/lang/String;' @48  "۬2"{0x0000000706c63650} (0xe0d8c6ca)
 - private 'email' 'Ljava/lang/String;' @52  "parent2@example.com"{0x0000000706c63680} (0xe0d8c6d0)
 - private 'address' 'Ljava/lang/String;' @56  ""{0x0000000703c1be48} (0xe07837c9)
 - private 'tel' 'Ljava/lang/String;' @60  "010-1000002"{0x0000000706c636c0} (0xe0d8c6d8)
 - private 'fcm_token' 'Ljava/lang/String;' @64  null (0x00000000)
 - private 'birthday' 'Ljava/time/LocalDate;' @68  a 'java/time/LocalDate'{0x0000000706c636f8} (0xe0d8c6df)
 - private 'account_id' 'Ljava/lang/String;' @72  null (0x00000000)
 - private 'balance' 'Ljava/lang/Integer;' @76  null (0x00000000)
 - private 'bank_name' 'Ljava/lang/String;' @80  null (0x00000000)
 - private 'last_trans_date' 'Ljava/time/LocalDate;' @84  null (0x00000000)
 - private 'nextTransDate' 'Ljava/time/LocalDate;' @88  null (0x00000000)
 - private 'mail_cycle' 'Ljava/lang/Integer;' @92  a 'java/lang/Integer'{0x0000000703c36018} = 0 (0xe0786c03)
RCX=0x000000dc65efa490 is pointing into the stack for thread: 0x0000021aea0b9800
RDX=0x0000000000000004 is an unknown value
RSP=0x000000dc65efa478 is pointing into the stack for thread: 0x0000021aea0b9800
RBP=0x000000dc65efa4d8 is pointing into the stack for thread: 0x0000021aea0b9800
RSI=0x0000021aeab4d908 points into unknown readable memory: 0x8000081ad1e2e988 | 88 e9 e2 d1 1a 08 00 80
RDI=0x0000021aeab9e250 points into unknown readable memory: 0x0000002800000080 | 80 00 00 00 28 00 00 00
R8 =0x0000000000000004 is an unknown value
R9 =0x0000000000000004 is an unknown value
R10=0x0000021b646f1a76 is an unknown value
R11=0x0 is null
R12=0x0 is null
R13=0x000000dc65efa478 is pointing into the stack for thread: 0x0000021aea0b9800
R14=0x000000dc65efa508 is pointing into the stack for thread: 0x0000021aea0b9800
R15=0x0000021aea0b9800 is a thread

Top of Stack: (sp=0x000000dc65efa478)
0x000000dc65efa478:   0000021ad7b2958b 0000000703e816a8
0x000000dc65efa488:   000000070551f740 000000dc65efa490
0x000000dc65efa498:   0000021ae46f1a76 0000000000000006
0x000000dc65efa4a8:   0000021ae46f1bc8 000000dc65efa578
0x000000dc65efa4b8:   0000000704543b28 0000021ae46f1a88
0x000000dc65efa4c8:   000000dc65efa478 000000dc65efa510
0x000000dc65efa4d8:   000000dc65efa578 0000021ad7b2958b
0x000000dc65efa4e8:   0000000706e530b0 0000000706e52f98
0x000000dc65efa4f8:   0000000703e816a8 000000070551f740
0x000000dc65efa508:   0000000706e53088 000000070ae03900
0x000000dc65efa518:   0000000703e816a8 000000070551f740
0x000000dc65efa528:   000000070ae28a70 000000dc65efa530
0x000000dc65efa538:   0000021ae3a9d301 000000000000000c
0x000000dc65efa548:   0000021ae3a9d450 0000000000000000
0x000000dc65efa558:   0000000704336880 0000021ae3a9d310
0x000000dc65efa568:   000000dc65efa510 000000dc65efa5e0
0x000000dc65efa578:   000000dc65efa888 0000021ad85aa7b2
0x000000dc65efa588:   0000000706e53088 0000000703e816a8
0x000000dc65efa598:   0000000706e53160 000000070551f740
0x000000dc65efa5a8:   0000000706e53138 0000000706e52f98
0x000000dc65efa5b8:   0000000706e53110 0000000706e52f98
0x000000dc65efa5c8:   0000000703e816a8 000000070551f740
0x000000dc65efa5d8:   0000000706e530e0 0000000705a1de90
0x000000dc65efa5e8:   000000070ae28ef8 000000070ae28ec8
0x000000dc65efa5f8:   0000000700000001 0000000705a1de90
0x000000dc65efa608:   0000000705abf6d0 0000000705519320
0x000000dc65efa618:   0000021ad7b29086 000000dc65efa888
0x000000dc65efa628:   0000021ad7f89f5c 0000000703c7ac30
0x000000dc65efa638:   000000070ae28518 000000dc65efa888
0x000000dc65efa648:   0000021ad89dc0f4 0000000000000000
0x000000dc65efa658:   0000000000000000 0000000000000000
0x000000dc65efa668:   0000000000000000 0000000000000000 

Instructions: (pc=0x0000021ad7b50fa4)
0x0000021ad7b50ea4:   1a 02 00 00 00 0f b5 d7 1a 02 00 00 80 1f b5 d7
0x0000021ad7b50eb4:   1a 02 00 00 f0 0e b5 d7 1a 02 00 00 f0 0e b5 d7
0x0000021ad7b50ec4:   1a 02 00 00 00 00 00 00 00 00 00 00 38 87 a2 b5
0x0000021ad7b50ed4:   fc 7f 00 00 f0 10 00 00 60 00 00 00 ff ff ff ff
0x0000021ad7b50ee4:   f0 10 00 00 00 00 00 00 00 00 00 00 00 00 00 00
0x0000021ad7b50ef4:   00 00 00 00 00 00 00 00 00 00 00 00 f4 66 66 66
0x0000021ad7b50f04:   0f 1f 84 00 00 00 00 00 66 66 66 90 66 66 66 0f
0x0000021ad7b50f14:   1f 84 00 00 00 00 00 66 66 66 90 90 48 8b 53 08
0x0000021ad7b50f24:   0f b7 52 2e 48 8b 0c d4 8b 59 14 48 c1 e3 03 8b
0x0000021ad7b50f34:   5b 28 48 c1 e3 03 8b 5b 24 48 c1 e3 03 48 8b 5b
0x0000021ad7b50f44:   10 48 85 db 0f 84 10 00 00 00 41 80 bf d8 05 00
0x0000021ad7b50f54:   00 00 74 03 ff 63 38 ff 63 50 e9 9d 16 00 00 66
0x0000021ad7b50f64:   66 66 0f 1f 84 00 00 00 00 00 66 66 66 90 66 66
0x0000021ad7b50f74:   0f 1f 84 00 00 00 00 00 66 66 66 90 48 8b 53 08
0x0000021ad7b50f84:   0f b7 52 2e 48 8b 0c d4 58 5b 50 44 8b 51 08 49
0x0000021ad7b50f94:   bb 00 00 00 80 1a 02 00 00 4d 03 d3 4c 8b 5b 10
0x0000021ad7b50fa4:   4b 8b 9c da c0 01 00 00 48 85 db 0f 84 10 00 00
0x0000021ad7b50fb4:   00 41 80 bf d8 05 00 00 00 74 03 ff 63 38 ff 63
0x0000021ad7b50fc4:   50 e9 36 16 00 00 66 66 66 0f 1f 84 00 00 00 00
0x0000021ad7b50fd4:   00 66 66 66 90 0f 1f 80 00 00 00 00 58 5b 50 8b
0x0000021ad7b50fe4:   5b 24 48 c1 e3 03 48 8b 5b 10 48 85 db 0f 84 10
0x0000021ad7b50ff4:   00 00 00 41 80 bf d8 05 00 00 00 74 03 ff 63 38
0x0000021ad7b51004:   ff 63 50 e9 f4 15 00 00 66 66 66 0f 1f 84 00 00
0x0000021ad7b51014:   00 00 00 66 66 66 90 0f 1f 44 00 00 48 8b 53 08
0x0000021ad7b51024:   0f b7 52 2e 48 8b 0c d4 58 5b 50 48 3b 01 8b 5b
0x0000021ad7b51034:   24 48 c1 e3 03 48 8b 5b 10 48 85 db 0f 84 10 00
0x0000021ad7b51044:   00 00 41 80 bf d8 05 00 00 00 74 03 ff 63 38 ff
0x0000021ad7b51054:   63 50 e9 a5 15 00 00 0f 1f 44 00 00 48 8b 53 08
0x0000021ad7b51064:   0f b7 52 2e 48 8b 0c d4 58 5b 50 44 8b 51 08 49
0x0000021ad7b51074:   bb 00 00 00 80 1a 02 00 00 4d 03 d3 8b 43 18 48
0x0000021ad7b51084:   c1 e0 03 48 8b 40 10 48 8b 5b 10 45 8b 9a a0 00
0x0000021ad7b51094:   00 00 4f 8d 9c da c0 01 00 00 4d 8d 14 da 49 8b 


Stack slot to memory mapping:

stack at sp + 0 slots: 0x0000021ad7b2958b is at code_begin+4363 in an Interpreter codelet
return entry points  [0x0000021ad7b28480, 0x0000021ad7b2a298]  7704 bytes
stack at sp + 1 slots: 0x0000000703e816a8 is an oop: java.lang.Integer 
{0x0000000703e816a8} - klass: 'java/lang/Integer'
 - ---- fields (total size 2 words):
 - private final 'value' 'I' @12  2 (0x00000002)
stack at sp + 2 slots: 0x000000070551f740 is an oop: com.ddak.yongha.controller.UsersController 
{0x000000070551f740} - klass: 'com/ddak/yongha/controller/UsersController'
 - ---- fields (total size 4 words):
 - 'um' 'Lcom/ddak/yongha/mapper/UsersMapper;' @12  a 'jdk/proxy3/$Proxy97'{0x0000000705330848} (0xe0a66109)
 - 'usersService' 'Lcom/ddak/yongha/service/UsersService;' @16  a 'com/ddak/yongha/service/UsersService$$SpringCGLIB$$0'{0x00000007053737f0} (0xe0a6e6fe)
 - 'passwordEncoder' 'Lorg/springframework/security/crypto/password/PasswordEncoder;' @20  a 'org/springframework/security/crypto/bcrypt/BCryptPasswordEncoder'{0x00000007053738b0} (0xe0a6e716)
 - private 'parentMailService' 'Lcom/ddak/yongha/service/ParentMailService;' @24  a 'com/ddak/yongha/service/ParentMailService'{0x000000070551f760} (0xe0aa3eec)
stack at sp + 3 slots: 0x000000dc65efa490 is pointing into the stack for thread: 0x0000021aea0b9800
stack at sp + 4 slots: 0x0000021ae46f1a76 is pointing into metadata
stack at sp + 5 slots: 0x0000000000000006 is an unknown value
stack at sp + 6 slots: 0x0000021ae46f1bc8 is pointing into metadata
stack at sp + 7 slots: 0x000000dc65efa578 is pointing into the stack for thread: 0x0000021aea0b9800

MethodHandle::interpreter_entry::_linkToVirtual [0x0000021ad7b50f63, 0x0000021ad7b50fca] (103 bytes)
[MachCode]
  0x0000021ad7b50f63: 6666 660f | 1f84 0000 | 0000 0066 | 6666 9066 | 660f 1f84 | 0000 0000 | 0066 6666 | 9048 8b53 
  0x0000021ad7b50f83: 080f b752 | 2e48 8b0c | d458 5b50 | 448b 5108 | 49bb 0000 | 0080 1a02 | 0000 4d03 | d34c 8b5b 
  0x0000021ad7b50fa3: 104b 8b9c | dac0 0100 | 0048 85db | 0f84 1000 | 0000 4180 | bfd8 0500 | 0000 7403 | ff63 38ff 
  0x0000021ad7b50fc3: 6350 e936 | 
[/MachCode]

---------------  P R O C E S S  ---------------

Threads class SMR info:
_java_thread_list=0x0000021ae9d2e2e0, length=41, elements={
0x0000021ae2665000, 0x0000021ae26666c0, 0x0000021ae266c720, 0x0000021ae266d170,
0x0000021ae266f3d0, 0x0000021ae267bfd0, 0x0000021ae267d6c0, 0x0000021ae27c7780,
0x0000021ae28487d0, 0x0000021ae284cd40, 0x0000021ae284d3c0, 0x0000021ae7775540,
0x0000021ae7a3f470, 0x0000021ae7a51aa0, 0x0000021ae7889ef0, 0x0000021ae7e92290,
0x0000021ae7eaa100, 0x0000021ae7eaa790, 0x0000021ae7eabb40, 0x0000021ae7eac1d0,
0x0000021aea0b3c20, 0x0000021aea0b42b0, 0x0000021aea0b4fd0, 0x0000021aea0b5660,
0x0000021aea0b5cf0, 0x0000021aea0b2870, 0x0000021aea0b6380, 0x0000021aea0b2f00,
0x0000021aea0b9170, 0x0000021aea0b70a0, 0x0000021aea0b7dc0, 0x0000021aea0b9800,
0x0000021aea0b6a10, 0x0000021aea0b9e90, 0x0000021aea0b7730, 0x0000021aea0b8450,
0x0000021aea0b8ae0, 0x0000021aea67ded0, 0x0000021aea67f910, 0x0000021aea67ebf0,
0x0000021aea680630
}

Java Threads: ( => current thread )
  0x0000021ae2665000 JavaThread "Reference Handler"          daemon [_thread_blocked, id=39776, stack(0x000000dc62c00000,0x000000dc62d00000) (1024K)]
  0x0000021ae26666c0 JavaThread "Finalizer"                  daemon [_thread_blocked, id=34460, stack(0x000000dc62d00000,0x000000dc62e00000) (1024K)]
  0x0000021ae266c720 JavaThread "Signal Dispatcher"          daemon [_thread_blocked, id=63568, stack(0x000000dc62e00000,0x000000dc62f00000) (1024K)]
  0x0000021ae266d170 JavaThread "Attach Listener"            daemon [_thread_blocked, id=50692, stack(0x000000dc62f00000,0x000000dc63000000) (1024K)]
  0x0000021ae266f3d0 JavaThread "Service Thread"             daemon [_thread_blocked, id=65348, stack(0x000000dc63000000,0x000000dc63100000) (1024K)]
  0x0000021ae267bfd0 JavaThread "Monitor Deflation Thread"   daemon [_thread_blocked, id=40636, stack(0x000000dc63100000,0x000000dc63200000) (1024K)]
  0x0000021ae267d6c0 JavaThread "C1 CompilerThread0"         daemon [_thread_blocked, id=60240, stack(0x000000dc63200000,0x000000dc63300000) (1024K)]
  0x0000021ae27c7780 JavaThread "Common-Cleaner"             daemon [_thread_blocked, id=58584, stack(0x000000dc63300000,0x000000dc63400000) (1024K)]
  0x0000021ae28487d0 JavaThread "JDWP Transport Listener: dt_socket" daemon [_thread_blocked, id=52668, stack(0x000000dc63700000,0x000000dc63800000) (1024K)]
  0x0000021ae284cd40 JavaThread "JDWP Event Helper Thread"   daemon [_thread_blocked, id=34648, stack(0x000000dc63800000,0x000000dc63900000) (1024K)]
  0x0000021ae284d3c0 JavaThread "JDWP Command Reader"        daemon [_thread_in_native, id=38028, stack(0x000000dc63900000,0x000000dc63a00000) (1024K)]
  0x0000021ae7775540 JavaThread "Notification Thread"        daemon [_thread_blocked, id=64100, stack(0x000000dc63a00000,0x000000dc63b00000) (1024K)]
  0x0000021ae7a3f470 JavaThread "RMI TCP Accept-0"           daemon [_thread_in_native, id=26920, stack(0x000000dc64200000,0x000000dc64300000) (1024K)]
  0x0000021ae7a51aa0 JavaThread "RMI TCP Accept-56429"       daemon [_thread_in_native, id=31020, stack(0x000000dc64300000,0x000000dc64400000) (1024K)]
  0x0000021ae7889ef0 JavaThread "RMI TCP Accept-0"           daemon [_thread_in_native, id=64292, stack(0x000000dc64400000,0x000000dc64500000) (1024K)]
  0x0000021ae7e92290 JavaThread "RMI Scheduler(0)"           daemon [_thread_blocked, id=64364, stack(0x000000dc64600000,0x000000dc64700000) (1024K)]
  0x0000021ae7eaa100 JavaThread "Catalina-utility-1"                [_thread_blocked, id=64152, stack(0x000000dc64b00000,0x000000dc64c00000) (1024K)]
  0x0000021ae7eaa790 JavaThread "Catalina-utility-2"                [_thread_blocked, id=63428, stack(0x000000dc64d00000,0x000000dc64e00000) (1024K)]
  0x0000021ae7eabb40 JavaThread "container-0"                       [_thread_blocked, id=43768, stack(0x000000dc64e00000,0x000000dc64f00000) (1024K)]
  0x0000021ae7eac1d0 JavaThread "oracle.jdbc.diagnostics.Diagnostic.CLOCK" daemon [_thread_blocked, id=62920, stack(0x000000dc64f00000,0x000000dc65000000) (1024K)]
  0x0000021aea0b3c20 JavaThread "oracle.jdbc.driver.BlockSource.ThreadedCachingBlockSource.BlockReleaser" daemon [_thread_blocked, id=45052, stack(0x000000dc65000000,0x000000dc65100000) (1024K)]
  0x0000021aea0b42b0 JavaThread "InterruptTimer"             daemon [_thread_blocked, id=64564, stack(0x000000dc65200000,0x000000dc65300000) (1024K)]
  0x0000021aea0b4fd0 JavaThread "HikariPool-1:housekeeper"   daemon [_thread_blocked, id=64224, stack(0x000000dc65400000,0x000000dc65500000) (1024K)]
  0x0000021aea0b5660 JavaThread "File Watcher"               daemon [_thread_blocked, id=54972, stack(0x000000dc65600000,0x000000dc65700000) (1024K)]
  0x0000021aea0b5cf0 JavaThread "Live Reload Server"         daemon [_thread_in_native, id=64076, stack(0x000000dc65800000,0x000000dc65900000) (1024K)]
  0x0000021aea0b2870 JavaThread "http-nio-9090-exec-1"       daemon [_thread_blocked, id=50052, stack(0x000000dc65700000,0x000000dc65800000) (1024K)]
  0x0000021aea0b6380 JavaThread "http-nio-9090-exec-2"       daemon [_thread_blocked, id=55208, stack(0x000000dc65900000,0x000000dc65a00000) (1024K)]
  0x0000021aea0b2f00 JavaThread "http-nio-9090-exec-3"       daemon [_thread_blocked, id=32460, stack(0x000000dc65a00000,0x000000dc65b00000) (1024K)]
  0x0000021aea0b9170 JavaThread "http-nio-9090-exec-4"       daemon [_thread_blocked, id=34344, stack(0x000000dc65b00000,0x000000dc65c00000) (1024K)]
  0x0000021aea0b70a0 JavaThread "http-nio-9090-exec-5"       daemon [_thread_blocked, id=37652, stack(0x000000dc65c00000,0x000000dc65d00000) (1024K)]
  0x0000021aea0b7dc0 JavaThread "http-nio-9090-exec-6"       daemon [_thread_blocked, id=60184, stack(0x000000dc65d00000,0x000000dc65e00000) (1024K)]
=>0x0000021aea0b9800 JavaThread "http-nio-9090-exec-7"       daemon [_thread_in_Java, id=63672, stack(0x000000dc65e00000,0x000000dc65f00000) (1024K)]
  0x0000021aea0b6a10 JavaThread "http-nio-9090-exec-8"       daemon [_thread_blocked, id=30128, stack(0x000000dc65f00000,0x000000dc66000000) (1024K)]
  0x0000021aea0b9e90 JavaThread "http-nio-9090-exec-9"       daemon [_thread_blocked, id=53620, stack(0x000000dc66000000,0x000000dc66100000) (1024K)]
  0x0000021aea0b7730 JavaThread "http-nio-9090-exec-10"      daemon [_thread_blocked, id=35452, stack(0x000000dc66100000,0x000000dc66200000) (1024K)]
  0x0000021aea0b8450 JavaThread "http-nio-9090-Poller"       daemon [_thread_in_native, id=43492, stack(0x000000dc66200000,0x000000dc66300000) (1024K)]
  0x0000021aea0b8ae0 JavaThread "http-nio-9090-Acceptor"     daemon [_thread_in_native, id=64456, stack(0x000000dc66300000,0x000000dc66400000) (1024K)]
  0x0000021aea67ded0 JavaThread "scheduling-1"                      [_thread_blocked, id=63972, stack(0x000000dc66400000,0x000000dc66500000) (1024K)]
  0x0000021aea67f910 JavaThread "DestroyJavaVM"                     [_thread_blocked, id=63580, stack(0x000000dc62400000,0x000000dc62500000) (1024K)]
  0x0000021aea67ebf0 JavaThread "RMI TCP Connection(39)-127.0.0.1" daemon [_thread_in_native, id=65236, stack(0x000000dc62100000,0x000000dc62200000) (1024K)]
  0x0000021aea680630 JavaThread "JMX server connection timeout 93" daemon [_thread_blocked, id=30048, stack(0x000000dc62200000,0x000000dc62300000) (1024K)]
Total: 41

Other Threads:
  0x0000021ae20f66f0 VMThread "VM Thread"                           [id=10364, stack(0x000000dc62b00000,0x000000dc62c00000) (1024K)]
  0x0000021ae20e4180 WatcherThread "VM Periodic Task Thread"        [id=64928, stack(0x000000dc62a00000,0x000000dc62b00000) (1024K)]
  0x0000021ad4206850 WorkerThread "GC Thread#0"                     [id=48136, stack(0x000000dc62500000,0x000000dc62600000) (1024K)]
  0x0000021ae7807220 WorkerThread "GC Thread#1"                     [id=58596, stack(0x000000dc63b00000,0x000000dc63c00000) (1024K)]
  0x0000021ae78458b0 WorkerThread "GC Thread#2"                     [id=63576, stack(0x000000dc63c00000,0x000000dc63d00000) (1024K)]
  0x0000021ae7846060 WorkerThread "GC Thread#3"                     [id=44664, stack(0x000000dc63d00000,0x000000dc63e00000) (1024K)]
  0x0000021ae7846810 WorkerThread "GC Thread#4"                     [id=63664, stack(0x000000dc63e00000,0x000000dc63f00000) (1024K)]
  0x0000021ae7846bb0 WorkerThread "GC Thread#5"                     [id=18548, stack(0x000000dc63f00000,0x000000dc64000000) (1024K)]
  0x0000021ae785ae80 WorkerThread "GC Thread#6"                     [id=62872, stack(0x000000dc64000000,0x000000dc64100000) (1024K)]
  0x0000021ae7867370 WorkerThread "GC Thread#7"                     [id=62344, stack(0x000000dc64100000,0x000000dc64200000) (1024K)]
  0x0000021ad42174c0 ConcurrentGCThread "G1 Main Marker"            [id=65144, stack(0x000000dc62600000,0x000000dc62700000) (1024K)]
  0x0000021ad421ae00 WorkerThread "G1 Conc#0"                       [id=17544, stack(0x000000dc62700000,0x000000dc62800000) (1024K)]
  0x0000021ae7e64640 WorkerThread "G1 Conc#1"                       [id=61048, stack(0x000000dc64c00000,0x000000dc64d00000) (1024K)]
  0x0000021ad423e6b0 ConcurrentGCThread "G1 Refine#0"               [id=64476, stack(0x000000dc62800000,0x000000dc62900000) (1024K)]
  0x0000021ae1fb41c0 ConcurrentGCThread "G1 Service"                [id=62160, stack(0x000000dc62900000,0x000000dc62a00000) (1024K)]
Total: 15

Threads with active compile tasks:
Total: 0

VM state: not at safepoint (normal execution)

VM Mutex/Monitor currently owned by a thread: None

Heap address: 0x0000000703600000, size: 4042 MB, Compressed Oops mode: Zero based, Oop shift amount: 3

CDS archive(s) mapped at: [0x0000021a80000000-0x0000021a80c80000-0x0000021a80c80000), size 13107200, SharedBaseAddress: 0x0000021a80000000, ArchiveRelocationMode: 1.
Compressed class space mapped at: 0x0000021a81000000-0x0000021ac1000000, reserved size: 1073741824
Narrow klass base: 0x0000021a80000000, Narrow klass shift: 0, Narrow klass range: 0x100000000

GC Precious Log:
 CardTable entry size: 512
 Card Set container configuration: InlinePtr #cards 4 size 8 Array Of Cards #cards 16 size 48 Howl #buckets 8 coarsen threshold 3686 Howl Bitmap #cards 512 size 80 coarsen threshold 460 Card regions per heap region 1 cards per card region 4096
 CPUs: 8 total, 8 available
 Memory: 16165M
 Large Page Support: Disabled
 NUMA Support: Disabled
 Compressed Oops: Enabled (Zero based)
 Heap Region Size: 2M
 Heap Min Capacity: 8M
 Heap Initial Capacity: 254M
 Heap Max Capacity: 4042M
 Pre-touch: Disabled
 Parallel Workers: 8
 Concurrent Workers: 2
 Concurrent Refinement Workers: 8
 Periodic GC: Disabled

Heap:
 garbage-first heap   total 131072K, used 50823K [0x0000000703600000, 0x0000000800000000)
  region size 2048K, 5 young (10240K), 2 survivors (4096K)
 Metaspace       used 74376K, committed 76352K, reserved 1179648K
  class space    used 9735K, committed 10560K, reserved 1048576K

Heap Regions: E=young(eden), S=young(survivor), O=old, HS=humongous(starts), HC=humongous(continues), CS=collection set, F=free, TAMS=top-at-mark-start, PB=parsable bottom
|   0|0x0000000703600000, 0x0000000703800000, 0x0000000703800000|100%| O|  |TAMS 0x0000000703600000| PB 0x0000000703600000| Untracked 
|   1|0x0000000703800000, 0x0000000703a00000, 0x0000000703a00000|100%| O|  |TAMS 0x0000000703800000| PB 0x0000000703800000| Untracked 
|   2|0x0000000703a00000, 0x0000000703c00000, 0x0000000703c00000|100%| O|  |TAMS 0x0000000703a00000| PB 0x0000000703a00000| Untracked 
|   3|0x0000000703c00000, 0x0000000703e00000, 0x0000000703e00000|100%| O|  |TAMS 0x0000000703c00000| PB 0x0000000703c00000| Untracked 
|   4|0x0000000703e00000, 0x0000000704000000, 0x0000000704000000|100%| O|  |TAMS 0x0000000703e00000| PB 0x0000000703e00000| Untracked 
|   5|0x0000000704000000, 0x0000000704200000, 0x0000000704200000|100%| O|  |TAMS 0x0000000704000000| PB 0x0000000704000000| Untracked 
|   6|0x0000000704200000, 0x0000000704400000, 0x0000000704400000|100%| O|  |TAMS 0x0000000704200000| PB 0x0000000704200000| Untracked 
|   7|0x0000000704400000, 0x0000000704600000, 0x0000000704600000|100%| O|  |TAMS 0x0000000704400000| PB 0x0000000704400000| Untracked 
|   8|0x0000000704600000, 0x0000000704800000, 0x0000000704800000|100%| O|Cm|TAMS 0x0000000704600000| PB 0x0000000704600000| Complete 
|   9|0x0000000704800000, 0x0000000704a00000, 0x0000000704a00000|100%| O|  |TAMS 0x0000000704800000| PB 0x0000000704800000| Untracked 
|  10|0x0000000704a00000, 0x0000000704c00000, 0x0000000704c00000|100%| O|  |TAMS 0x0000000704a00000| PB 0x0000000704a00000| Untracked 
|  11|0x0000000704c00000, 0x0000000704e00000, 0x0000000704e00000|100%| O|  |TAMS 0x0000000704c00000| PB 0x0000000704c00000| Untracked 
|  12|0x0000000704e00000, 0x0000000705000000, 0x0000000705000000|100%| O|  |TAMS 0x0000000704e00000| PB 0x0000000704e00000| Untracked 
|  13|0x0000000705000000, 0x0000000705000000, 0x0000000705200000|  0%| F|  |TAMS 0x0000000705000000| PB 0x0000000705000000| Untracked 
|  14|0x0000000705200000, 0x0000000705400000, 0x0000000705400000|100%| O|  |TAMS 0x0000000705200000| PB 0x0000000705200000| Untracked 
|  15|0x0000000705400000, 0x0000000705600000, 0x0000000705600000|100%| O|  |TAMS 0x0000000705400000| PB 0x0000000705400000| Untracked 
|  16|0x0000000705600000, 0x0000000705600000, 0x0000000705800000|  0%| F|  |TAMS 0x0000000705600000| PB 0x0000000705600000| Untracked 
|  17|0x0000000705800000, 0x0000000705800000, 0x0000000705a00000|  0%| F|  |TAMS 0x0000000705800000| PB 0x0000000705800000| Untracked 
|  18|0x0000000705a00000, 0x0000000705c00000, 0x0000000705c00000|100%| O|  |TAMS 0x0000000705a00000| PB 0x0000000705a00000| Untracked 
|  19|0x0000000705c00000, 0x0000000705c00000, 0x0000000705e00000|  0%| F|  |TAMS 0x0000000705c00000| PB 0x0000000705c00000| Untracked 
|  20|0x0000000705e00000, 0x0000000705e00000, 0x0000000706000000|  0%| F|  |TAMS 0x0000000705e00000| PB 0x0000000705e00000| Untracked 
|  21|0x0000000706000000, 0x0000000706000000, 0x0000000706200000|  0%| F|  |TAMS 0x0000000706000000| PB 0x0000000706000000| Untracked 
|  22|0x0000000706200000, 0x0000000706400000, 0x0000000706400000|100%| O|Cm|TAMS 0x0000000706200000| PB 0x0000000706200000| Complete 
|  23|0x0000000706400000, 0x0000000706600000, 0x0000000706600000|100%| O|  |TAMS 0x0000000706400000| PB 0x0000000706400000| Untracked 
|  24|0x0000000706600000, 0x0000000706800000, 0x0000000706800000|100%| O|  |TAMS 0x0000000706600000| PB 0x0000000706600000| Untracked 
|  25|0x0000000706800000, 0x0000000706a00000, 0x0000000706a00000|100%| O|  |TAMS 0x0000000706800000| PB 0x0000000706800000| Untracked 
|  26|0x0000000706a00000, 0x0000000706bda990, 0x0000000706c00000| 92%| O|  |TAMS 0x0000000706a00000| PB 0x0000000706a00000| Untracked 
|  27|0x0000000706c00000, 0x0000000706dc7518, 0x0000000706e00000| 88%| S|CS|TAMS 0x0000000706c00000| PB 0x0000000706c00000| Complete 
|  28|0x0000000706e00000, 0x0000000707000000, 0x0000000707000000|100%| S|CS|TAMS 0x0000000706e00000| PB 0x0000000706e00000| Complete 
|  29|0x0000000707000000, 0x0000000707000000, 0x0000000707200000|  0%| F|  |TAMS 0x0000000707000000| PB 0x0000000707000000| Untracked 
|  30|0x0000000707200000, 0x0000000707200000, 0x0000000707400000|  0%| F|  |TAMS 0x0000000707200000| PB 0x0000000707200000| Untracked 
|  31|0x0000000707400000, 0x0000000707400000, 0x0000000707600000|  0%| F|  |TAMS 0x0000000707400000| PB 0x0000000707400000| Untracked 
|  32|0x0000000707600000, 0x0000000707600000, 0x0000000707800000|  0%| F|  |TAMS 0x0000000707600000| PB 0x0000000707600000| Untracked 
|  33|0x0000000707800000, 0x0000000707800000, 0x0000000707a00000|  0%| F|  |TAMS 0x0000000707800000| PB 0x0000000707800000| Untracked 
|  34|0x0000000707a00000, 0x0000000707a00000, 0x0000000707c00000|  0%| F|  |TAMS 0x0000000707a00000| PB 0x0000000707a00000| Untracked 
|  35|0x0000000707c00000, 0x0000000707c00000, 0x0000000707e00000|  0%| F|  |TAMS 0x0000000707c00000| PB 0x0000000707c00000| Untracked 
|  36|0x0000000707e00000, 0x0000000707e00000, 0x0000000708000000|  0%| F|  |TAMS 0x0000000707e00000| PB 0x0000000707e00000| Untracked 
|  37|0x0000000708000000, 0x0000000708000000, 0x0000000708200000|  0%| F|  |TAMS 0x0000000708000000| PB 0x0000000708000000| Untracked 
|  38|0x0000000708200000, 0x0000000708200000, 0x0000000708400000|  0%| F|  |TAMS 0x0000000708200000| PB 0x0000000708200000| Untracked 
|  39|0x0000000708400000, 0x0000000708400000, 0x0000000708600000|  0%| F|  |TAMS 0x0000000708400000| PB 0x0000000708400000| Untracked 
|  40|0x0000000708600000, 0x0000000708600000, 0x0000000708800000|  0%| F|  |TAMS 0x0000000708600000| PB 0x0000000708600000| Untracked 
|  41|0x0000000708800000, 0x0000000708800000, 0x0000000708a00000|  0%| F|  |TAMS 0x0000000708800000| PB 0x0000000708800000| Untracked 
|  42|0x0000000708a00000, 0x0000000708a00000, 0x0000000708c00000|  0%| F|  |TAMS 0x0000000708a00000| PB 0x0000000708a00000| Untracked 
|  43|0x0000000708c00000, 0x0000000708c00000, 0x0000000708e00000|  0%| F|  |TAMS 0x0000000708c00000| PB 0x0000000708c00000| Untracked 
|  44|0x0000000708e00000, 0x0000000708e00000, 0x0000000709000000|  0%| F|  |TAMS 0x0000000708e00000| PB 0x0000000708e00000| Untracked 
|  45|0x0000000709000000, 0x0000000709000000, 0x0000000709200000|  0%| F|  |TAMS 0x0000000709000000| PB 0x0000000709000000| Untracked 
|  46|0x0000000709200000, 0x0000000709200000, 0x0000000709400000|  0%| F|  |TAMS 0x0000000709200000| PB 0x0000000709200000| Untracked 
|  47|0x0000000709400000, 0x0000000709400000, 0x0000000709600000|  0%| F|  |TAMS 0x0000000709400000| PB 0x0000000709400000| Untracked 
|  48|0x0000000709600000, 0x0000000709600000, 0x0000000709800000|  0%| F|  |TAMS 0x0000000709600000| PB 0x0000000709600000| Untracked 
|  49|0x0000000709800000, 0x0000000709800000, 0x0000000709a00000|  0%| F|  |TAMS 0x0000000709800000| PB 0x0000000709800000| Untracked 
|  50|0x0000000709a00000, 0x0000000709a00000, 0x0000000709c00000|  0%| F|  |TAMS 0x0000000709a00000| PB 0x0000000709a00000| Untracked 
|  51|0x0000000709c00000, 0x0000000709c00000, 0x0000000709e00000|  0%| F|  |TAMS 0x0000000709c00000| PB 0x0000000709c00000| Untracked 
|  52|0x0000000709e00000, 0x0000000709e00000, 0x000000070a000000|  0%| F|  |TAMS 0x0000000709e00000| PB 0x0000000709e00000| Untracked 
|  53|0x000000070a000000, 0x000000070a000000, 0x000000070a200000|  0%| F|  |TAMS 0x000000070a000000| PB 0x000000070a000000| Untracked 
|  54|0x000000070a200000, 0x000000070a200000, 0x000000070a400000|  0%| F|  |TAMS 0x000000070a200000| PB 0x000000070a200000| Untracked 
|  55|0x000000070a400000, 0x000000070a400000, 0x000000070a600000|  0%| F|  |TAMS 0x000000070a400000| PB 0x000000070a400000| Untracked 
|  56|0x000000070a600000, 0x000000070a600000, 0x000000070a800000|  0%| F|  |TAMS 0x000000070a600000| PB 0x000000070a600000| Untracked 
|  57|0x000000070a800000, 0x000000070a800000, 0x000000070aa00000|  0%| F|  |TAMS 0x000000070a800000| PB 0x000000070a800000| Untracked 
|  58|0x000000070aa00000, 0x000000070aa00000, 0x000000070ac00000|  0%| F|  |TAMS 0x000000070aa00000| PB 0x000000070aa00000| Untracked 
|  59|0x000000070ac00000, 0x000000070ac00000, 0x000000070ae00000|  0%| F|  |TAMS 0x000000070ac00000| PB 0x000000070ac00000| Untracked 
|  60|0x000000070ae00000, 0x000000070ae00000, 0x000000070b000000|  0%| F|  |TAMS 0x000000070ae00000| PB 0x000000070ae00000| Untracked 
|  61|0x000000070b000000, 0x000000070b0b3340, 0x000000070b200000| 35%| E|  |TAMS 0x000000070b000000| PB 0x000000070b000000| Complete 
| 126|0x0000000713200000, 0x0000000713400000, 0x0000000713400000|100%| E|CS|TAMS 0x0000000713200000| PB 0x0000000713200000| Complete 
|2020|0x00000007ffe00000, 0x0000000800000000, 0x0000000800000000|100%| E|CS|TAMS 0x00000007ffe00000| PB 0x00000007ffe00000| Complete 

Card table byte_map: [0x0000021adb420000,0x0000021adbc10000] _byte_map_base: 0x0000021ad7c05000

Marking Bits: (CMBitMap*) 0x0000021ad4206f50
 Bits: [0x0000021adbc10000, 0x0000021adfb38000)

Polling page: 0x0000021ad20d0000

Metaspace:

Usage:
  Non-class:     63.13 MB used.
      Class:      9.51 MB used.
       Both:     72.63 MB used.

Virtual space:
  Non-class space:      128.00 MB reserved,      64.25 MB ( 50%) committed,  2 nodes.
      Class space:        1.00 GB reserved,      10.31 MB (  1%) committed,  1 nodes.
             Both:        1.12 GB reserved,      74.56 MB (  6%) committed. 

Chunk freelists:
   Non-Class:  15.45 MB
       Class:  5.93 MB
        Both:  21.38 MB

MaxMetaspaceSize: unlimited
CompressedClassSpaceSize: 1.00 GB
Initial GC threshold: 21.00 MB
Current GC threshold: 124.31 MB
CDS: on
 - commit_granule_bytes: 65536.
 - commit_granule_words: 8192.
 - virtual_space_node_default_size: 8388608.
 - enlarge_chunks_in_place: 1.
 - use_allocation_guard: 0.


Internal statistics:

num_allocs_failed_limit: 6.
num_arena_births: 2286.
num_arena_deaths: 828.
num_vsnodes_births: 3.
num_vsnodes_deaths: 0.
num_space_committed: 1193.
num_space_uncommitted: 0.
num_chunks_returned_to_freelist: 961.
num_chunks_taken_from_freelist: 5193.
num_chunk_merges: 236.
num_chunk_splits: 3487.
num_chunks_enlarged: 2433.
num_inconsistent_stats: 0.

CodeCache: size=49152Kb used=19413Kb max_used=21079Kb free=29738Kb
 bounds [0x0000021ad7b20000, 0x0000021ad9160000, 0x0000021adab20000]
 total_blobs=10125 nmethods=9132 adapters=916
 compilation: enabled
              stopped_count=0, restarted_count=0
 full_count=0

Compilation events (20 events):
Event: 2357.001 Thread 0x0000021ae267d6c0 11091       1       java.io.ObjectStreamClass$FieldReflectorKey::equals (37 bytes)
Event: 2357.001 Thread 0x0000021ae267d6c0 nmethod 11091 0x0000021ad85bba10 code [0x0000021ad85bbbc0, 0x0000021ad85bbd78]
Event: 2417.139 Thread 0x0000021ae267d6c0 11097       1       sun.nio.ch.NioSocketImpl::timedRead (85 bytes)
Event: 2417.141 Thread 0x0000021ae267d6c0 nmethod 11097 0x0000021ad86d7c90 code [0x0000021ad86d7e80, 0x0000021ad86d8148]
Event: 2417.141 Thread 0x0000021ae267d6c0 11092   !   1       java.net.Socket$SocketInputStream::read (56 bytes)
Event: 2417.141 Thread 0x0000021ae267d6c0 nmethod 11092 0x0000021ad84c3990 code [0x0000021ad84c3b80, 0x0000021ad84c3e88]
Event: 2417.141 Thread 0x0000021ae267d6c0 11093       1       sun.nio.ch.NioSocketImpl$1::read (11 bytes)
Event: 2417.142 Thread 0x0000021ae267d6c0 nmethod 11093 0x0000021ad84bf290 code [0x0000021ad84bf440, 0x0000021ad84bf558]
Event: 2417.142 Thread 0x0000021ae267d6c0 11094   !   1       sun.nio.ch.NioSocketImpl::read (96 bytes)
Event: 2417.144 Thread 0x0000021ae267d6c0 nmethod 11094 0x0000021ad8e15910 code [0x0000021ad8e15b80, 0x0000021ad8e160f0]
Event: 2417.144 Thread 0x0000021ae267d6c0 11095   !   1       sun.nio.ch.NioSocketImpl::implRead (223 bytes)
Event: 2417.146 Thread 0x0000021ae267d6c0 nmethod 11095 0x0000021ad862d310 code [0x0000021ad862d5a0, 0x0000021ad862e038]
Event: 2417.146 Thread 0x0000021ae267d6c0 11096   !   1       sun.nio.ch.NioSocketImpl::beginRead (30 bytes)
Event: 2417.147 Thread 0x0000021ae267d6c0 nmethod 11096 0x0000021ad862c790 code [0x0000021ad862c940, 0x0000021ad862cbc0]
Event: 2417.147 Thread 0x0000021ae267d6c0 11098   !   1       sun.nio.ch.NioSocketImpl::endRead (58 bytes)
Event: 2417.147 Thread 0x0000021ae267d6c0 nmethod 11098 0x0000021ad84fbe90 code [0x0000021ad84fc060, 0x0000021ad84fc3b8]
Event: 2564.602 Thread 0x0000021ae267d6c0 11099       1       org.apache.catalina.core.StandardServer$$Lambda/0x0000021a8152da08::run (8 bytes)
Event: 2564.603 Thread 0x0000021ae267d6c0 nmethod 11099 0x0000021ad84c9090 code [0x0000021ad84c9240, 0x0000021ad84c9358]
Event: 2564.603 Thread 0x0000021ae267d6c0 11100       1       org.apache.catalina.core.StandardServer::lambda$startPeriodicLifecycleEvent$0 (9 bytes)
Event: 2564.603 Thread 0x0000021ae267d6c0 nmethod 11100 0x0000021ad84d1710 code [0x0000021ad84d18c0, 0x0000021ad84d19c8]

GC Heap History (20 events):
Event: 22.200 GC heap before
{Heap before GC invocations=24 (full 0):
 garbage-first heap   total 122880K, used 107728K [0x0000000703600000, 0x0000000800000000)
  region size 2048K, 36 young (73728K), 3 survivors (6144K)
 Metaspace       used 68198K, committed 69184K, reserved 1114112K
  class space    used 9000K, committed 9472K, reserved 1048576K
}
Event: 22.209 GC heap after
{Heap after GC invocations=25 (full 0):
 garbage-first heap   total 122880K, used 44626K [0x0000000703600000, 0x0000000800000000)
  region size 2048K, 4 young (8192K), 4 survivors (8192K)
 Metaspace       used 68198K, committed 69184K, reserved 1114112K
  class space    used 9000K, committed 9472K, reserved 1048576K
}
Event: 23.004 GC heap before
{Heap before GC invocations=25 (full 0):
 garbage-first heap   total 122880K, used 112210K [0x0000000703600000, 0x0000000800000000)
  region size 2048K, 34 young (69632K), 4 survivors (8192K)
 Metaspace       used 71395K, committed 72512K, reserved 1114112K
  class space    used 9391K, committed 9920K, reserved 1048576K
}
Event: 23.015 GC heap after
{Heap after GC invocations=26 (full 0):
 garbage-first heap   total 131072K, used 49848K [0x0000000703600000, 0x0000000800000000)
  region size 2048K, 5 young (10240K), 5 survivors (10240K)
 Metaspace       used 71395K, committed 72512K, reserved 1114112K
  class space    used 9391K, committed 9920K, reserved 1048576K
}
Event: 25.246 GC heap before
{Heap before GC invocations=26 (full 0):
 garbage-first heap   total 131072K, used 90808K [0x0000000703600000, 0x0000000800000000)
  region size 2048K, 27 young (55296K), 5 survivors (10240K)
 Metaspace       used 73518K, committed 74880K, reserved 1114112K
  class space    used 9709K, committed 10368K, reserved 1048576K
}
Event: 25.255 GC heap after
{Heap after GC invocations=27 (full 0):
 garbage-first heap   total 131072K, used 53172K [0x0000000703600000, 0x0000000800000000)
  region size 2048K, 5 young (10240K), 5 survivors (10240K)
 Metaspace       used 73518K, committed 74880K, reserved 1114112K
  class space    used 9709K, committed 10368K, reserved 1048576K
}
Event: 164.962 GC heap before
{Heap before GC invocations=28 (full 0):
 garbage-first heap   total 131072K, used 108468K [0x0000000703600000, 0x0000000800000000)
  region size 2048K, 33 young (67584K), 5 survivors (10240K)
 Metaspace       used 74336K, committed 75648K, reserved 1114112K
  class space    used 9802K, committed 10432K, reserved 1048576K
}
Event: 164.971 GC heap after
{Heap after GC invocations=29 (full 0):
 garbage-first heap   total 131072K, used 53822K [0x0000000703600000, 0x0000000800000000)
  region size 2048K, 3 young (6144K), 3 survivors (6144K)
 Metaspace       used 74336K, committed 75648K, reserved 1114112K
  class space    used 9802K, committed 10432K, reserved 1048576K
}
Event: 274.124 GC heap before
{Heap before GC invocations=29 (full 0):
 garbage-first heap   total 131072K, used 113214K [0x0000000703600000, 0x0000000800000000)
  region size 2048K, 33 young (67584K), 3 survivors (6144K)
 Metaspace       used 74895K, committed 76352K, reserved 1179648K
  class space    used 9884K, committed 10560K, reserved 1048576K
}
Event: 274.138 GC heap after
{Heap after GC invocations=30 (full 0):
 garbage-first heap   total 131072K, used 53031K [0x0000000703600000, 0x0000000800000000)
  region size 2048K, 2 young (4096K), 2 survivors (4096K)
 Metaspace       used 74895K, committed 76352K, reserved 1179648K
  class space    used 9884K, committed 10560K, reserved 1048576K
}
Event: 508.615 GC heap before
{Heap before GC invocations=30 (full 0):
 garbage-first heap   total 131072K, used 118567K [0x0000000703600000, 0x0000000800000000)
  region size 2048K, 34 young (69632K), 2 survivors (4096K)
 Metaspace       used 74927K, committed 76352K, reserved 1179648K
  class space    used 9891K, committed 10560K, reserved 1048576K
}
Event: 508.619 GC heap after
{Heap after GC invocations=31 (full 0):
 garbage-first heap   total 131072K, used 52903K [0x0000000703600000, 0x0000000800000000)
  region size 2048K, 2 young (4096K), 2 survivors (4096K)
 Metaspace       used 74927K, committed 76352K, reserved 1179648K
  class space    used 9891K, committed 10560K, reserved 1048576K
}
Event: 1643.606 GC heap before
{Heap before GC invocations=32 (full 0):
 garbage-first heap   total 131072K, used 118439K [0x0000000703600000, 0x0000000800000000)
  region size 2048K, 34 young (69632K), 2 survivors (4096K)
 Metaspace       used 74241K, committed 76352K, reserved 1179648K
  class space    used 9719K, committed 10560K, reserved 1048576K
}
Event: 1643.616 GC heap after
{Heap after GC invocations=33 (full 0):
 garbage-first heap   total 131072K, used 52529K [0x0000000703600000, 0x0000000800000000)
  region size 2048K, 2 young (4096K), 2 survivors (4096K)
 Metaspace       used 74241K, committed 76352K, reserved 1179648K
  class space    used 9719K, committed 10560K, reserved 1048576K
}
Event: 1926.304 GC heap before
{Heap before GC invocations=33 (full 0):
 garbage-first heap   total 131072K, used 118065K [0x0000000703600000, 0x0000000800000000)
  region size 2048K, 34 young (69632K), 2 survivors (4096K)
 Metaspace       used 74317K, committed 76352K, reserved 1179648K
  class space    used 9735K, committed 10560K, reserved 1048576K
}
Event: 1926.316 GC heap after
{Heap after GC invocations=34 (full 0):
 garbage-first heap   total 131072K, used 46663K [0x0000000703600000, 0x0000000800000000)
  region size 2048K, 2 young (4096K), 2 survivors (4096K)
 Metaspace       used 74317K, committed 76352K, reserved 1179648K
  class space    used 9735K, committed 10560K, reserved 1048576K
}
Event: 2254.725 GC heap before
{Heap before GC invocations=34 (full 0):
 garbage-first heap   total 131072K, used 118343K [0x0000000703600000, 0x0000000800000000)
  region size 2048K, 37 young (75776K), 2 survivors (4096K)
 Metaspace       used 74472K, committed 76352K, reserved 1179648K
  class space    used 9761K, committed 10560K, reserved 1048576K
}
Event: 2254.730 GC heap after
{Heap after GC invocations=35 (full 0):
 garbage-first heap   total 131072K, used 46620K [0x0000000703600000, 0x0000000800000000)
  region size 2048K, 2 young (4096K), 2 survivors (4096K)
 Metaspace       used 74472K, committed 76352K, reserved 1179648K
  class space    used 9761K, committed 10560K, reserved 1048576K
}
Event: 2592.323 GC heap before
{Heap before GC invocations=36 (full 0):
 garbage-first heap   total 131072K, used 118300K [0x0000000703600000, 0x0000000800000000)
  region size 2048K, 37 young (75776K), 2 survivors (4096K)
 Metaspace       used 74358K, committed 76352K, reserved 1179648K
  class space    used 9734K, committed 10560K, reserved 1048576K
}
Event: 2592.326 GC heap after
{Heap after GC invocations=37 (full 0):
 garbage-first heap   total 131072K, used 46727K [0x0000000703600000, 0x0000000800000000)
  region size 2048K, 2 young (4096K), 2 survivors (4096K)
 Metaspace       used 74358K, committed 76352K, reserved 1179648K
  class space    used 9734K, committed 10560K, reserved 1048576K
}

Dll operation events (12 events):
Event: 0.030 Loaded shared library C:\sts-4.31.0.RELEASE\plugins\org.eclipse.justj.openjdk.hotspot.jre.full.win32.x86_64_21.0.7.v20250502-0916\jre\bin\java.dll
Event: 0.054 Loaded shared library C:\sts-4.31.0.RELEASE\plugins\org.eclipse.justj.openjdk.hotspot.jre.full.win32.x86_64_21.0.7.v20250502-0916\jre\bin\zip.dll
Event: 0.464 Loaded shared library C:\sts-4.31.0.RELEASE\plugins\org.eclipse.justj.openjdk.hotspot.jre.full.win32.x86_64_21.0.7.v20250502-0916\jre\bin\instrument.dll
Event: 0.471 Loaded shared library C:\sts-4.31.0.RELEASE\plugins\org.eclipse.justj.openjdk.hotspot.jre.full.win32.x86_64_21.0.7.v20250502-0916\jre\bin\net.dll
Event: 0.473 Loaded shared library C:\sts-4.31.0.RELEASE\plugins\org.eclipse.justj.openjdk.hotspot.jre.full.win32.x86_64_21.0.7.v20250502-0916\jre\bin\nio.dll
Event: 0.478 Loaded shared library C:\sts-4.31.0.RELEASE\plugins\org.eclipse.justj.openjdk.hotspot.jre.full.win32.x86_64_21.0.7.v20250502-0916\jre\bin\zip.dll
Event: 0.756 Loaded shared library C:\sts-4.31.0.RELEASE\plugins\org.eclipse.justj.openjdk.hotspot.jre.full.win32.x86_64_21.0.7.v20250502-0916\jre\bin\jimage.dll
Event: 0.835 Loaded shared library C:\sts-4.31.0.RELEASE\plugins\org.eclipse.justj.openjdk.hotspot.jre.full.win32.x86_64_21.0.7.v20250502-0916\jre\bin\management.dll
Event: 0.850 Loaded shared library C:\sts-4.31.0.RELEASE\plugins\org.eclipse.justj.openjdk.hotspot.jre.full.win32.x86_64_21.0.7.v20250502-0916\jre\bin\management_ext.dll
Event: 1.088 Loaded shared library C:\sts-4.31.0.RELEASE\plugins\org.eclipse.justj.openjdk.hotspot.jre.full.win32.x86_64_21.0.7.v20250502-0916\jre\bin\extnet.dll
Event: 1.109 Loaded shared library C:\sts-4.31.0.RELEASE\plugins\org.eclipse.justj.openjdk.hotspot.jre.full.win32.x86_64_21.0.7.v20250502-0916\jre\bin\verify.dll
Event: 2.692 Loaded shared library C:\sts-4.31.0.RELEASE\plugins\org.eclipse.justj.openjdk.hotspot.jre.full.win32.x86_64_21.0.7.v20250502-0916\jre\bin\sunmscapi.dll

Deoptimization events (20 events):
Event: 1786.443 Thread 0x0000021aea0b5660 DEOPT PACKING pc=0x0000021ad83d41d4 sp=0x000000dc656fedc0
Event: 1786.443 Thread 0x0000021aea0b5660 DEOPT UNPACKING pc=0x0000021ad7b74e42 sp=0x000000dc656fe2e0 mode 1
Event: 1786.443 Thread 0x0000021aea0b5660 DEOPT PACKING pc=0x0000021ad8093559 sp=0x000000dc656fe220
Event: 1786.443 Thread 0x0000021aea0b5660 DEOPT UNPACKING pc=0x0000021ad7b74e42 sp=0x000000dc656fd678 mode 1
Event: 1786.443 Thread 0x0000021aea0b5660 DEOPT PACKING pc=0x0000021ad807592c sp=0x000000dc656fe2b0
Event: 1786.443 Thread 0x0000021aea0b5660 DEOPT UNPACKING pc=0x0000021ad7b74e42 sp=0x000000dc656fd758 mode 1
Event: 1786.443 Thread 0x0000021aea0b5660 DEOPT PACKING pc=0x0000021ad812b194 sp=0x000000dc656fed30
Event: 1786.443 Thread 0x0000021aea0b5660 DEOPT UNPACKING pc=0x0000021ad7b74e42 sp=0x000000dc656fe1f8 mode 1
Event: 1786.444 Thread 0x0000021aea0b5660 DEOPT PACKING pc=0x0000021ad83d41d4 sp=0x000000dc656fedc0
Event: 1786.444 Thread 0x0000021aea0b5660 DEOPT UNPACKING pc=0x0000021ad7b74e42 sp=0x000000dc656fe2e0 mode 1
Event: 1801.015 Thread 0x0000021aea682070 DEOPT PACKING pc=0x0000021ad8093559 sp=0x000000dc635fdb90
Event: 1801.015 Thread 0x0000021aea682070 DEOPT UNPACKING pc=0x0000021ad7b74e42 sp=0x000000dc635fcfe8 mode 1
Event: 1801.015 Thread 0x0000021aea682070 DEOPT PACKING pc=0x0000021ad807592c sp=0x000000dc635fdc20
Event: 1801.016 Thread 0x0000021aea682070 DEOPT UNPACKING pc=0x0000021ad7b74e42 sp=0x000000dc635fd0c8 mode 1
Event: 1801.016 Thread 0x0000021aea682070 DEOPT PACKING pc=0x0000021ad7f82a84 sp=0x000000dc635fe6a0
Event: 1801.016 Thread 0x0000021aea682070 DEOPT UNPACKING pc=0x0000021ad7b74e42 sp=0x000000dc635fdb20 mode 1
Event: 1801.025 Thread 0x0000021aea682070 DEOPT PACKING pc=0x0000021ad88fadd1 sp=0x000000dc635fe5c0
Event: 1801.025 Thread 0x0000021aea682070 DEOPT UNPACKING pc=0x0000021ad7b74e42 sp=0x000000dc635fda80 mode 1
Event: 2607.642 Thread 0x0000021aea0b9800 DEOPT PACKING pc=0x0000021ad8c462c4 sp=0x000000dc65efa490
Event: 2607.642 Thread 0x0000021aea0b9800 DEOPT UNPACKING pc=0x0000021ad7b74e42 sp=0x000000dc65ef9938 mode 0

Classes loaded (20 events):
Event: 25.229 Loading class java/util/regex/MatcherCustomizer
Event: 25.229 Loading class java/util/regex/MatcherCustomizer done
Event: 25.230 Loading class java/util/regex/MatcherCustomizer
Event: 25.230 Loading class java/util/regex/MatcherCustomizer done
Event: 34.366 Loading class java/text/FieldPosition$Delegate
Event: 34.366 Loading class java/text/FieldPosition$Delegate done
Event: 36.661 Loading class java/lang/NegativeArraySizeException
Event: 36.661 Loading class java/lang/NegativeArraySizeException done
Event: 38.380 Loading class java/time/chrono/Era
Event: 38.380 Loading class java/time/chrono/Era done
Event: 38.380 Loading class java/time/chrono/IsoEra
Event: 38.380 Loading class java/time/chrono/IsoEra done
Event: 164.975 Loading class java/io/PushbackInputStream
Event: 164.975 Loading class java/io/PushbackInputStream done
Event: 165.018 Loading class java/text/ParsePosition
Event: 165.018 Loading class java/text/ParsePosition done
Event: 165.018 Loading class java/time/format/DateTimeParseContext
Event: 165.019 Loading class java/time/format/DateTimeParseContext done
Event: 165.019 Loading class java/time/format/Parsed
Event: 165.019 Loading class java/time/format/Parsed done

Classes unloaded (20 events):
Event: 2254.756 Thread 0x0000021ae20f66f0 Unloading class 0x0000021a81969800 'java/lang/invoke/LambdaForm$MH+0x0000021a81969800'
Event: 2254.756 Thread 0x0000021ae20f66f0 Unloading class 0x0000021a81969000 'java/lang/invoke/LambdaForm$MH+0x0000021a81969000'
Event: 2254.756 Thread 0x0000021ae20f66f0 Unloading class 0x0000021a81967800 'java/lang/invoke/LambdaForm$MH+0x0000021a81967800'
Event: 2254.756 Thread 0x0000021ae20f66f0 Unloading class 0x0000021a81966000 'java/lang/invoke/LambdaForm$MH+0x0000021a81966000'
Event: 2254.756 Thread 0x0000021ae20f66f0 Unloading class 0x0000021a81965400 'java/lang/invoke/LambdaForm$MH+0x0000021a81965400'
Event: 2254.756 Thread 0x0000021ae20f66f0 Unloading class 0x0000021a81964400 'java/lang/invoke/LambdaForm$MH+0x0000021a81964400'
Event: 2254.756 Thread 0x0000021ae20f66f0 Unloading class 0x0000021a8193fc00 'java/lang/invoke/LambdaForm$MH+0x0000021a8193fc00'
Event: 2254.756 Thread 0x0000021ae20f66f0 Unloading class 0x0000021a8193c400 'java/lang/invoke/LambdaForm$MH+0x0000021a8193c400'
Event: 2254.756 Thread 0x0000021ae20f66f0 Unloading class 0x0000021a8193c000 'java/lang/invoke/LambdaForm$MH+0x0000021a8193c000'
Event: 2254.756 Thread 0x0000021ae20f66f0 Unloading class 0x0000021a8193bc00 'java/lang/invoke/LambdaForm$MH+0x0000021a8193bc00'
Event: 2254.756 Thread 0x0000021ae20f66f0 Unloading class 0x0000021a8193b800 'java/lang/invoke/LambdaForm$MH+0x0000021a8193b800'
Event: 2254.756 Thread 0x0000021ae20f66f0 Unloading class 0x0000021a8193b400 'java/lang/invoke/LambdaForm$MH+0x0000021a8193b400'
Event: 2254.756 Thread 0x0000021ae20f66f0 Unloading class 0x0000021a8193a800 'java/lang/invoke/LambdaForm$MH+0x0000021a8193a800'
Event: 2254.756 Thread 0x0000021ae20f66f0 Unloading class 0x0000021a8193a000 'java/lang/invoke/LambdaForm$MH+0x0000021a8193a000'
Event: 2254.756 Thread 0x0000021ae20f66f0 Unloading class 0x0000021a81939c00 'java/lang/invoke/LambdaForm$MH+0x0000021a81939c00'
Event: 2254.756 Thread 0x0000021ae20f66f0 Unloading class 0x0000021a81884000 'java/lang/invoke/LambdaForm$MH+0x0000021a81884000'
Event: 2254.756 Thread 0x0000021ae20f66f0 Unloading class 0x0000021a81833800 'java/lang/invoke/LambdaForm$MH+0x0000021a81833800'
Event: 2254.756 Thread 0x0000021ae20f66f0 Unloading class 0x0000021a81832c00 'java/lang/invoke/LambdaForm$MH+0x0000021a81832c00'
Event: 2254.756 Thread 0x0000021ae20f66f0 Unloading class 0x0000021a815e0000 'java/lang/invoke/LambdaForm$MH+0x0000021a815e0000'
Event: 2254.756 Thread 0x0000021ae20f66f0 Unloading class 0x0000021a814b0000 'java/lang/invoke/LambdaForm$MH+0x0000021a814b0000'

Classes redefined (1 events):
Event: 2607.674 Thread 0x0000021ae20f66f0 redefined class name=com.ddak.yongha.controller.UsersController, count=1

Internal exceptions (20 events):
Event: 23.471 Thread 0x0000021aea0b2f00 Exception <a 'java/lang/ClassNotFoundException'{0x000000070980ca88}: nz/net/ultraq/thymeleaf/layoutdialect/models/ElementMergerCustomizer> (0x000000070980ca88) 
thrown [s\src\hotspot\share\classfile\systemDictionary.cpp, line 312]
Event: 25.210 Thread 0x0000021aea0b2f00 Exception <a 'java/lang/NoSuchMethodError'{0x00000007085a67d0}: 'java.lang.Object java.lang.invoke.DelegatingMethodHandle$Holder.delegate(java.lang.Object, int, java.lang.Object)'> (0x00000007085a67d0) 
thrown [s\src\hotspot\share\interpreter\linkResolver.cpp, line 773]
Event: 25.224 Thread 0x0000021aea0b2f00 Exception <a 'java/lang/ClassNotFoundException'{0x0000000708267178}: java/util/regex/PatternBeanInfo> (0x0000000708267178) 
thrown [s\src\hotspot\share\classfile\systemDictionary.cpp, line 312]
Event: 25.226 Thread 0x0000021aea0b2f00 Exception <a 'java/lang/ClassNotFoundException'{0x000000070826cbf8}: java/util/regex/PatternCustomizer> (0x000000070826cbf8) 
thrown [s\src\hotspot\share\classfile\systemDictionary.cpp, line 312]
Event: 25.229 Thread 0x0000021aea0b2f00 Exception <a 'java/lang/ClassNotFoundException'{0x0000000708292b68}: java/util/regex/MatcherBeanInfo> (0x0000000708292b68) 
thrown [s\src\hotspot\share\classfile\systemDictionary.cpp, line 312]
Event: 25.230 Thread 0x0000021aea0b2f00 Exception <a 'java/lang/ClassNotFoundException'{0x00000007082985e8}: java/util/regex/MatcherCustomizer> (0x00000007082985e8) 
thrown [s\src\hotspot\share\classfile\systemDictionary.cpp, line 312]
Event: 25.232 Thread 0x0000021aea0b2f00 Exception <a 'java/lang/NoSuchMethodError'{0x00000007082b9f88}: 'java.lang.Object java.lang.invoke.DirectMethodHandle$Holder.invokeSpecial(java.lang.Object, java.lang.Object, java.lang.Object, int, int)'> (0x00000007082b9f88) 
thrown [s\src\hotspot\share\interpreter\linkResolver.cpp, line 773]
Event: 34.219 Thread 0x0000021aea0b7dc0 Exception <a 'java/lang/NoSuchMethodError'{0x000000070ab05bd0}: 'int java.lang.invoke.DirectMethodHandle$Holder.invokeVirtual(java.lang.Object, java.lang.Object, int)'> (0x000000070ab05bd0) 
thrown [s\src\hotspot\share\interpreter\linkResolver.cpp, line 773]
Event: 34.220 Thread 0x0000021aea0b7dc0 Exception <a 'java/lang/NoSuchMethodError'{0x000000070ab179e0}: 'void java.lang.invoke.DirectMethodHandle$Holder.invokeInterface(java.lang.Object, java.lang.Object, int, int)'> (0x000000070ab179e0) 
thrown [s\src\hotspot\share\interpreter\linkResolver.cpp, line 773]
Event: 34.221 Thread 0x0000021aea0b7dc0 Exception <a 'java/lang/NoSuchMethodError'{0x000000070ab1f4e0}: 'void java.lang.invoke.DelegatingMethodHandle$Holder.reinvoke_L(java.lang.Object, java.lang.Object, int, int)'> (0x000000070ab1f4e0) 
thrown [s\src\hotspot\share\interpreter\linkResolver.cpp, line 773]
Event: 34.353 Thread 0x0000021aea0b7730 Exception <a 'java/lang/NoSuchMethodError'{0x000000070a44bcc8}: 'java.lang.Object java.lang.invoke.DirectMethodHandle$Holder.invokeStatic(java.lang.Object, java.lang.Object, java.lang.Object, java.lang.Object, int, java.lang.Object)'> (0x000000070a44bcc8) 
thrown [s\src\hotspot\share\interpreter\linkResolver.cpp, line 773]
Event: 34.353 Thread 0x0000021aea0b7730 Exception <a 'java/lang/NoSuchMethodError'{0x000000070a453578}: 'java.lang.Object java.lang.invoke.Invokers$Holder.linkToTargetMethod(java.lang.Object, java.lang.Object, java.lang.Object, int, java.lang.Object)'> (0x000000070a453578) 
thrown [s\src\hotspot\share\interpreter\linkResolver.cpp, line 773]
Event: 319.796 Thread 0x0000021aea0b7dc0 Exception <a 'java/lang/NoSuchMethodError'{0x000000070a096880}: 'java.lang.Object java.lang.invoke.DelegatingMethodHandle$Holder.delegate(java.lang.Object, java.lang.Object, java.lang.Object, java.lang.Object, java.lang.Object, java.lang.Object, int, int)'> (0x000000070a096880) 
thrown [s\src\hotspot\share\interpreter\linkResolver.cpp, line 773]
Event: 607.682 Thread 0x0000021ae7e95160 Exception <a 'java/lang/NoSuchMethodError'{0x000000070a146330}: static [B.<clinit>()V> (0x000000070a146330) 
thrown [s\src\hotspot\share\prims\jni.cpp, line 1111]
Event: 1756.971 Thread 0x0000021ae7e95160 Exception <a 'java/lang/NoSuchMethodError'{0x0000000709b27648}: static [Ljava/lang/StackTraceElement;.<clinit>()V> (0x0000000709b27648) 
thrown [s\src\hotspot\share\prims\jni.cpp, line 1111]
Event: 1756.991 Thread 0x0000021aea67ebf0 Exception <a 'java/lang/NoSuchMethodError'{0x0000000709ba2048}: static [Ljava/lang/Integer;.<clinit>()V> (0x0000000709ba2048) 
thrown [s\src\hotspot\share\prims\jni.cpp, line 1111]
Event: 2025.212 Thread 0x0000021aea67ded0 Exception <a 'java/lang/NoSuchMethodError'{0x000000070a1d2a98}: 'void java.lang.invoke.DelegatingMethodHandle$Holder.reinvoke_L(java.lang.Object, java.lang.Object, int)'> (0x000000070a1d2a98) 
thrown [s\src\hotspot\share\interpreter\linkResolver.cpp, line 773]
Event: 2025.214 Thread 0x0000021aea67ded0 Exception <a 'java/lang/NoSuchMethodError'{0x000000070a1e1ce8}: 'long java.lang.invoke.DirectMethodHandle$Holder.invokeInterface(java.lang.Object, java.lang.Object, java.lang.Object)'> (0x000000070a1e1ce8) 
thrown [s\src\hotspot\share\interpreter\linkResolver.cpp, line 773]
Event: 2025.214 Thread 0x0000021aea67ded0 Exception <a 'java/lang/NoSuchMethodError'{0x000000070a1f0a08}: 'void java.lang.invoke.DirectMethodHandle$Holder.invokeVirtual(java.lang.Object, java.lang.Object, long)'> (0x000000070a1f0a08) 
thrown [s\src\hotspot\share\interpreter\linkResolver.cpp, line 773]
Event: 2025.215 Thread 0x0000021aea67ded0 Exception <a 'java/lang/NoSuchMethodError'{0x000000070a1f79e8}: 'void java.lang.invoke.DelegatingMethodHandle$Holder.reinvoke_L(java.lang.Object, java.lang.Object, long)'> (0x000000070a1f79e8) 
thrown [s\src\hotspot\share\interpreter\linkResolver.cpp, line 773]

ZGC Phase Switch (0 events):
No events

VM Operations (20 events):
Event: 2150.196 Executing VM operation: Cleanup
Event: 2150.196 Executing VM operation: Cleanup done
Event: 2254.725 Executing VM operation: G1CollectForAllocation (G1 Evacuation Pause)
Event: 2254.730 Executing VM operation: G1CollectForAllocation (G1 Evacuation Pause) done
Event: 2254.756 Executing VM operation: G1PauseRemark
Event: 2254.767 Executing VM operation: G1PauseRemark done
Event: 2254.782 Executing VM operation: G1PauseCleanup
Event: 2254.782 Executing VM operation: G1PauseCleanup done
Event: 2478.127 Executing VM operation: Cleanup
Event: 2478.127 Executing VM operation: Cleanup done
Event: 2592.323 Executing VM operation: G1CollectForAllocation (G1 Evacuation Pause)
Event: 2592.326 Executing VM operation: G1CollectForAllocation (G1 Evacuation Pause) done
Event: 2607.641 Executing VM operation: ChangeSingleStep
Event: 2607.642 Executing VM operation: ChangeSingleStep done
Event: 2607.642 Executing VM operation: ChangeSingleStep
Event: 2607.642 Executing VM operation: ChangeSingleStep done
Event: 2607.661 Executing VM operation: RedefineClasses
Event: 2607.703 Executing VM operation: RedefineClasses done
Event: 2607.821 Executing VM operation: ChangeSingleStep
Event: 2607.821 Executing VM operation: ChangeSingleStep done

Memory protections (0 events):
No events

Nmethod flushes (20 events):
Event: 508.659 Thread 0x0000021ae20f66f0 flushing  nmethod 0x0000021ad87d6f90
Event: 508.659 Thread 0x0000021ae20f66f0 flushing  nmethod 0x0000021ad87d7290
Event: 508.659 Thread 0x0000021ae20f66f0 flushing  nmethod 0x0000021ad87d8790
Event: 508.659 Thread 0x0000021ae20f66f0 flushing  nmethod 0x0000021ad87d8a90
Event: 508.659 Thread 0x0000021ae20f66f0 flushing  nmethod 0x0000021ad87d8d90
Event: 508.659 Thread 0x0000021ae20f66f0 flushing  nmethod 0x0000021ad87d9790
Event: 508.659 Thread 0x0000021ae20f66f0 flushing  nmethod 0x0000021ad87d9b10
Event: 508.659 Thread 0x0000021ae20f66f0 flushing  nmethod 0x0000021ad8807990
Event: 508.659 Thread 0x0000021ae20f66f0 flushing  nmethod 0x0000021ad880aa10
Event: 508.659 Thread 0x0000021ae20f66f0 flushing  nmethod 0x0000021ad884de90
Event: 2254.767 Thread 0x0000021ae20f66f0 flushing  nmethod 0x0000021ad8ea3d10
Event: 2254.767 Thread 0x0000021ae20f66f0 flushing  nmethod 0x0000021ad8c5f110
Event: 2254.767 Thread 0x0000021ae20f66f0 flushing  nmethod 0x0000021ad8d05d10
Event: 2254.767 Thread 0x0000021ae20f66f0 flushing  nmethod 0x0000021ad8e13110
Event: 2254.767 Thread 0x0000021ae20f66f0 flushing  nmethod 0x0000021ad8e13910
Event: 2254.767 Thread 0x0000021ae20f66f0 flushing  nmethod 0x0000021ad8e15210
Event: 2254.767 Thread 0x0000021ae20f66f0 flushing  nmethod 0x0000021ad8e15f10
Event: 2254.767 Thread 0x0000021ae20f66f0 flushing  nmethod 0x0000021ad7cb3710
Event: 2254.767 Thread 0x0000021ae20f66f0 flushing  nmethod 0x0000021ad8d0cb90
Event: 2254.767 Thread 0x0000021ae20f66f0 flushing  nmethod 0x0000021ad8b4c710

Events (20 events):
Event: 1756.732 Thread 0x0000021aea680630 Thread exited: 0x0000021aea680630
Event: 1756.732 Thread 0x0000021ae7eac860 Thread exited: 0x0000021ae7eac860
Event: 1756.985 Thread 0x0000021ae7a3f470 Thread added: 0x0000021aea67ebf0
Event: 1756.988 Thread 0x0000021aea67ebf0 Thread added: 0x0000021aea680630
Event: 1786.525 Thread 0x0000021aea682070 Thread exited: 0x0000021aea682070
Event: 1801.007 Thread 0x0000021aea0b4fd0 Thread added: 0x0000021aea67e560
Event: 1801.012 Thread 0x0000021aea67e560 Thread added: 0x0000021aea682070
Event: 1801.113 Thread 0x0000021ae267d6c0 Thread added: 0x0000021ae93b4400
Event: 1801.118 Thread 0x0000021aea682070 Thread added: 0x0000021aea681350
Event: 1806.013 Thread 0x0000021aea67e560 Thread exited: 0x0000021aea67e560
Event: 1806.114 Thread 0x0000021ae93b4400 Thread exited: 0x0000021ae93b4400
Event: 1806.150 Thread 0x0000021aea682070 Thread exited: 0x0000021aea682070
Event: 1846.986 Thread 0x0000021ae7e95160 Thread exited: 0x0000021ae7e95160
Event: 1861.120 Thread 0x0000021aea681350 Thread exited: 0x0000021aea681350
Event: 2025.229 Thread 0x0000021ae267d6c0 Thread added: 0x0000021aeafd65f0
Event: 2025.229 Thread 0x0000021ae267d6c0 Thread added: 0x0000021ae93b4400
Event: 2025.232 Thread 0x0000021ae93b4400 Thread added: 0x0000021ae9d61ac0
Event: 2030.254 Thread 0x0000021ae9d61ac0 Thread exited: 0x0000021ae9d61ac0
Event: 2035.254 Thread 0x0000021ae93b4400 Thread exited: 0x0000021ae93b4400
Event: 2040.255 Thread 0x0000021aeafd65f0 Thread exited: 0x0000021aeafd65f0


Dynamic libraries:
0x00007ff66a9d0000 - 0x00007ff66a9de000 	C:\sts-4.31.0.RELEASE\plugins\org.eclipse.justj.openjdk.hotspot.jre.full.win32.x86_64_21.0.7.v20250502-0916\jre\bin\javaw.exe
0x00007ffd6aae0000 - 0x00007ffd6ad47000 	C:\WINDOWS\SYSTEM32\ntdll.dll
0x00007ffd68b50000 - 0x00007ffd68c19000 	C:\WINDOWS\System32\KERNEL32.DLL
0x00007ffd681a0000 - 0x00007ffd68590000 	C:\WINDOWS\System32\KERNELBASE.dll
0x00007ffd685a0000 - 0x00007ffd686eb000 	C:\WINDOWS\System32\ucrtbase.dll
0x00007ffd234f0000 - 0x00007ffd2350e000 	C:\sts-4.31.0.RELEASE\plugins\org.eclipse.justj.openjdk.hotspot.jre.full.win32.x86_64_21.0.7.v20250502-0916\jre\bin\VCRUNTIME140.dll
0x00007ffd649b0000 - 0x00007ffd649c8000 	C:\sts-4.31.0.RELEASE\plugins\org.eclipse.justj.openjdk.hotspot.jre.full.win32.x86_64_21.0.7.v20250502-0916\jre\bin\jli.dll
0x00007ffd6a8d0000 - 0x00007ffd6aa95000 	C:\WINDOWS\System32\USER32.dll
0x00007ffd67d50000 - 0x00007ffd67d77000 	C:\WINDOWS\System32\win32u.dll
0x00007ffd6a670000 - 0x00007ffd6a69b000 	C:\WINDOWS\System32\GDI32.dll
0x00007ffd67c10000 - 0x00007ffd67d48000 	C:\WINDOWS\System32\gdi32full.dll
0x00007ffd59a40000 - 0x00007ffd59cda000 	C:\WINDOWS\WinSxS\amd64_microsoft.windows.common-controls_6595b64144ccf1df_6.0.26100.4768_none_3e0c112ce331287c\COMCTL32.dll
0x00007ffd67ed0000 - 0x00007ffd67f73000 	C:\WINDOWS\System32\msvcp_win.dll
0x00007ffd6a500000 - 0x00007ffd6a5a9000 	C:\WINDOWS\System32\msvcrt.dll
0x00007ffd69ec0000 - 0x00007ffd69eef000 	C:\WINDOWS\System32\IMM32.DLL
0x00007ffd300c0000 - 0x00007ffd300cc000 	C:\sts-4.31.0.RELEASE\plugins\org.eclipse.justj.openjdk.hotspot.jre.full.win32.x86_64_21.0.7.v20250502-0916\jre\bin\vcruntime140_1.dll
0x00007ffcde3a0000 - 0x00007ffcde42d000 	C:\sts-4.31.0.RELEASE\plugins\org.eclipse.justj.openjdk.hotspot.jre.full.win32.x86_64_21.0.7.v20250502-0916\jre\bin\msvcp140.dll
0x00007ffcb5020000 - 0x00007ffcb5db0000 	C:\sts-4.31.0.RELEASE\plugins\org.eclipse.justj.openjdk.hotspot.jre.full.win32.x86_64_21.0.7.v20250502-0916\jre\bin\server\jvm.dll
0x00007ffd6a5b0000 - 0x00007ffd6a664000 	C:\WINDOWS\System32\ADVAPI32.dll
0x00007ffd68a10000 - 0x00007ffd68ab6000 	C:\WINDOWS\System32\sechost.dll
0x00007ffd68870000 - 0x00007ffd68988000 	C:\WINDOWS\System32\RPCRT4.dll
0x00007ffd68990000 - 0x00007ffd68a04000 	C:\WINDOWS\System32\WS2_32.dll
0x00007ffd67a70000 - 0x00007ffd67ace000 	C:\WINDOWS\SYSTEM32\POWRPROF.dll
0x00007ffd4f620000 - 0x00007ffd4f655000 	C:\WINDOWS\SYSTEM32\WINMM.dll
0x00007ffd53b00000 - 0x00007ffd53b0b000 	C:\WINDOWS\SYSTEM32\VERSION.dll
0x00007ffd67a50000 - 0x00007ffd67a64000 	C:\WINDOWS\SYSTEM32\UMPDC.dll
0x00007ffd66950000 - 0x00007ffd6696b000 	C:\WINDOWS\SYSTEM32\kernel.appcore.dll
0x00007ffd64ab0000 - 0x00007ffd64aba000 	C:\sts-4.31.0.RELEASE\plugins\org.eclipse.justj.openjdk.hotspot.jre.full.win32.x86_64_21.0.7.v20250502-0916\jre\bin\jimage.dll
0x00007ffd65240000 - 0x00007ffd65481000 	C:\WINDOWS\SYSTEM32\DBGHELP.DLL
0x00007ffd68c20000 - 0x00007ffd68fa5000 	C:\WINDOWS\System32\combase.dll
0x00007ffd69f00000 - 0x00007ffd69fe0000 	C:\WINDOWS\System32\OLEAUT32.dll
0x00007ffd5a250000 - 0x00007ffd5a293000 	C:\WINDOWS\SYSTEM32\dbgcore.DLL
0x00007ffd68100000 - 0x00007ffd68199000 	C:\WINDOWS\System32\bcryptPrimitives.dll
0x00007ffd2d7a0000 - 0x00007ffd2d7dc000 	C:\sts-4.31.0.RELEASE\plugins\org.eclipse.justj.openjdk.hotspot.jre.full.win32.x86_64_21.0.7.v20250502-0916\jre\bin\jdwp.dll
0x00007ffd64aa0000 - 0x00007ffd64aaf000 	C:\sts-4.31.0.RELEASE\plugins\org.eclipse.justj.openjdk.hotspot.jre.full.win32.x86_64_21.0.7.v20250502-0916\jre\bin\instrument.dll
0x00007ffd64a00000 - 0x00007ffd64a1f000 	C:\sts-4.31.0.RELEASE\plugins\org.eclipse.justj.openjdk.hotspot.jre.full.win32.x86_64_21.0.7.v20250502-0916\jre\bin\java.dll
0x00007ffd69770000 - 0x00007ffd69ebd000 	C:\WINDOWS\System32\SHELL32.dll
0x00007ffd67f80000 - 0x00007ffd680f3000 	C:\WINDOWS\System32\wintypes.dll
0x00007ffd657b0000 - 0x00007ffd66010000 	C:\WINDOWS\SYSTEM32\windows.storage.dll
0x00007ffd69040000 - 0x00007ffd69135000 	C:\WINDOWS\System32\SHCORE.dll
0x00007ffd68ac0000 - 0x00007ffd68b2a000 	C:\WINDOWS\System32\shlwapi.dll
0x00007ffd67b30000 - 0x00007ffd67b59000 	C:\WINDOWS\SYSTEM32\profapi.dll
0x00007ffd5a2a0000 - 0x00007ffd5a2b8000 	C:\sts-4.31.0.RELEASE\plugins\org.eclipse.justj.openjdk.hotspot.jre.full.win32.x86_64_21.0.7.v20250502-0916\jre\bin\zip.dll
0x00007ffd304d0000 - 0x00007ffd304db000 	C:\sts-4.31.0.RELEASE\plugins\org.eclipse.justj.openjdk.hotspot.jre.full.win32.x86_64_21.0.7.v20250502-0916\jre\bin\dt_socket.dll
0x00007ffd66340000 - 0x00007ffd66373000 	C:\WINDOWS\SYSTEM32\IPHLPAPI.DLL
0x00007ffd66ec0000 - 0x00007ffd66f2b000 	C:\WINDOWS\system32\mswsock.dll
0x00007ffd663d0000 - 0x00007ffd664f6000 	C:\WINDOWS\SYSTEM32\DNSAPI.dll
0x00007ffd68fd0000 - 0x00007ffd68fda000 	C:\WINDOWS\System32\NSI.dll
0x00007ffd58330000 - 0x00007ffd5833b000 	C:\Windows\System32\rasadhlp.dll
0x00007ffd57d40000 - 0x00007ffd57dc6000 	C:\WINDOWS\System32\fwpuclnt.dll
0x00007ffd59ea0000 - 0x00007ffd59eb0000 	C:\sts-4.31.0.RELEASE\plugins\org.eclipse.justj.openjdk.hotspot.jre.full.win32.x86_64_21.0.7.v20250502-0916\jre\bin\net.dll
0x00007ffd57bb0000 - 0x00007ffd57cce000 	C:\WINDOWS\SYSTEM32\WINHTTP.dll
0x00007ffd345d0000 - 0x00007ffd345e6000 	C:\sts-4.31.0.RELEASE\plugins\org.eclipse.justj.openjdk.hotspot.jre.full.win32.x86_64_21.0.7.v20250502-0916\jre\bin\nio.dll
0x00007ffd2e080000 - 0x00007ffd2e08a000 	C:\sts-4.31.0.RELEASE\plugins\org.eclipse.justj.openjdk.hotspot.jre.full.win32.x86_64_21.0.7.v20250502-0916\jre\bin\management.dll
0x00007ffd2c6c0000 - 0x00007ffd2c6cb000 	C:\sts-4.31.0.RELEASE\plugins\org.eclipse.justj.openjdk.hotspot.jre.full.win32.x86_64_21.0.7.v20250502-0916\jre\bin\management_ext.dll
0x00007ffd68b40000 - 0x00007ffd68b48000 	C:\WINDOWS\System32\PSAPI.DLL
0x00007ffd43650000 - 0x00007ffd43668000 	C:\WINDOWS\system32\napinsp.dll
0x00007ffd435d0000 - 0x00007ffd435e2000 	C:\WINDOWS\System32\winrnr.dll
0x00007ffd43590000 - 0x00007ffd435c0000 	C:\WINDOWS\system32\nlansp_c.dll
0x00007ffd55360000 - 0x00007ffd55380000 	C:\WINDOWS\system32\wshbth.dll
0x00007ffd67220000 - 0x00007ffd6723b000 	C:\WINDOWS\SYSTEM32\CRYPTSP.dll
0x00007ffd668b0000 - 0x00007ffd668eb000 	C:\WINDOWS\system32\rsaenh.dll
0x00007ffd66f60000 - 0x00007ffd66f8b000 	C:\WINDOWS\SYSTEM32\USERENV.dll
0x00007ffd67b00000 - 0x00007ffd67b26000 	C:\WINDOWS\SYSTEM32\bcrypt.dll
0x00007ffd67200000 - 0x00007ffd6720c000 	C:\WINDOWS\SYSTEM32\CRYPTBASE.dll
0x00007ffd33ae0000 - 0x00007ffd33ae9000 	C:\sts-4.31.0.RELEASE\plugins\org.eclipse.justj.openjdk.hotspot.jre.full.win32.x86_64_21.0.7.v20250502-0916\jre\bin\extnet.dll
0x00007ffd59e90000 - 0x00007ffd59ea0000 	C:\sts-4.31.0.RELEASE\plugins\org.eclipse.justj.openjdk.hotspot.jre.full.win32.x86_64_21.0.7.v20250502-0916\jre\bin\verify.dll
0x00007ffd3ec10000 - 0x00007ffd3ec1e000 	C:\sts-4.31.0.RELEASE\plugins\org.eclipse.justj.openjdk.hotspot.jre.full.win32.x86_64_21.0.7.v20250502-0916\jre\bin\sunmscapi.dll
0x00007ffd686f0000 - 0x00007ffd68867000 	C:\WINDOWS\System32\CRYPT32.dll
0x00007ffd67370000 - 0x00007ffd673a0000 	C:\WINDOWS\SYSTEM32\ncrypt.dll
0x00007ffd67320000 - 0x00007ffd6735f000 	C:\WINDOWS\SYSTEM32\NTASN1.dll
0x00007ffcfa470000 - 0x00007ffcfa478000 	C:\WINDOWS\system32\wshunix.dll

dbghelp: loaded successfully - version: 4.0.5 - missing functions: none
symbol engine: initialized successfully - sym options: 0x614 - pdb path: .;C:\sts-4.31.0.RELEASE\plugins\org.eclipse.justj.openjdk.hotspot.jre.full.win32.x86_64_21.0.7.v20250502-0916\jre\bin;C:\WINDOWS\SYSTEM32;C:\WINDOWS\WinSxS\amd64_microsoft.windows.common-controls_6595b64144ccf1df_6.0.26100.4768_none_3e0c112ce331287c;C:\sts-4.31.0.RELEASE\plugins\org.eclipse.justj.openjdk.hotspot.jre.full.win32.x86_64_21.0.7.v20250502-0916\jre\bin\server

VM Arguments:
jvm_args: -XX:+ShowCodeDetailsInExceptionMessages -agentlib:jdwp=transport=dt_socket,suspend=y,address=localhost:56431 -Dcom.sun.management.jmxremote -Dcom.sun.management.jmxremote.port=56429 -Dcom.sun.management.jmxremote.authenticate=false -Dcom.sun.management.jmxremote.ssl=false -Djava.rmi.server.hostname=localhost -Dspring.jmx.enabled=true -Dmanagement.endpoints.jmx.exposure.include=* -Dspring.application.admin.enabled=true -Dspring.output.ansi.enabled=always -XX:TieredStopAtLevel=1 -Dspring.boot.project.name=yongha -javaagent:C:\sts-4.31.0.RELEASE\configuration\org.eclipse.osgi\273\0\.cp\lib\javaagent-shaded.jar -Dfile.encoding=UTF-8 -Dstdout.encoding=UTF-8 -Dstderr.encoding=UTF-8 
java_command: com.ddak.yongha.YonghaApplication
java_class_path (initial): C:\Users\hukka\Desktop\yongha\yongha\yongha\target\classes;C:\Users\hukka\Downloads\ojdbc8.jar;C:\Users\hukka\.m2\repository\org\springframework\boot\spring-boot-starter-thymeleaf\3.5.4\spring-boot-starter-thymeleaf-3.5.4.jar;C:\Users\hukka\.m2\repository\org\springframework\boot\spring-boot-starter\3.5.4\spring-boot-starter-3.5.4.jar;C:\Users\hukka\.m2\repository\org\springframework\boot\spring-boot-starter-logging\3.5.4\spring-boot-starter-logging-3.5.4.jar;C:\Users\hukka\.m2\repository\ch\qos\logback\logback-classic\1.5.18\logback-classic-1.5.18.jar;C:\Users\hukka\.m2\repository\ch\qos\logback\logback-core\1.5.18\logback-core-1.5.18.jar;C:\Users\hukka\.m2\repository\org\apache\logging\log4j\log4j-to-slf4j\2.24.3\log4j-to-slf4j-2.24.3.jar;C:\Users\hukka\.m2\repository\org\apache\logging\log4j\log4j-api\2.24.3\log4j-api-2.24.3.jar;C:\Users\hukka\.m2\repository\org\slf4j\jul-to-slf4j\2.0.17\jul-to-slf4j-2.0.17.jar;C:\Users\hukka\.m2\repository\org\yaml\snakeyaml\2.4\snakeyaml-2.4.jar;C:\Users\hukka\.m2\repository\org\thymeleaf\thymeleaf-spring6\3.1.3.RELEASE\thymeleaf-spring6-3.1.3.RELEASE.jar;C:\Users\hukka\.m2\repository\org\springframework\boot\spring-boot-starter-web\3.5.4\spring-boot-starter-web-3.5.4.jar;C:\Users\hukka\.m2\repository\org\springframework\boot\spring-boot-starter-json\3.5.4\spring-boot-starter-json-3.5.4.jar;C:\Users\hukka\.m2\repository\com\fasterxml\jackson\datatype\jackson-datatype-jdk8\2.19.2\jackson-datatype-jdk8-2.19.2.jar;C:\Users\hukka\.m2\repository\com\fasterxml\jackson\datatype\jackson-datatype-jsr310\2.19.2\jackson-datatype-jsr310-2.19.2.jar;C:\Users\hukka\.m2\repository\com\fasterxml\jackson\module\jackson-module-parameter-names\2.19.2\jackson-module-parameter-names-2.19.2.jar;C:\Users\hukka\.m2\repository\org\springframework\spring-web\6.2.9\spring-web-6.2.9.jar;C:\Users\hukka\.m2\repository\org\springframework\spring-beans\6.2.9\spring-beans-6.2.9.jar;C:\Users\hukka\.m2\repository\io\micrometer\micrometer-observation\1.15.2\micrometer-observation-1.15.2.jar;C:\Users\hukka\.m2\repository\io\micrometer\micrometer-commons\1.15.2\micrometer-commons-1.15.2.jar;C:\Users\hukka\.m2\repository\org\springframework\spring-webmvc\6.2.9\spring-webmvc-6.2.9.jar;C:\Users\hukka\.m2\repository\org\springframework\spring-context\6.2.9\spring-context-6.2.9.jar;C:\Users\hukka\.m2\repository\org\springframework\spring-expression\6.2.9\spring-expression-6.2.9.jar;C:\Users\hukka\.m2\repository\org\springframework\boot\spring-boot-devtools\3.5.4\spring-boot-devtools-3.5.4.jar;C:\Users\hukka\.m2\repository\org\springframework\boot\spring-boot\3.5.4\spring-boot-3.5.4.jar;C:\Users\hukka\.m2\repository\org\springframework\boot\spring-boot-autoconfigure\3.5.4\spring-boot-autoconfigure-3.5.4.jar;C:\Users\hukka\.m2\repository\org\springframework\boot\spring-boot-starter-tomcat\3.5.4\spring-boot-starter-tomcat-3.5.4.jar;C:\Users\hukka\.m2\repository\jakarta\annotation\jakarta.annotation-api\2.1.1\jakarta.annotation-api-2.1.1.jar;C:\Users\hukka\.m2\repository\org\apache\tomcat\embed\tomcat-embed-core\10.1.43\tomcat-embed-core-10.1.43.jar;C:\Users\hukka\.m2\repository\org\apache\tomcat\embed\tomcat-embed-el\10.1.43\tomcat-embed-el-10.1.43.jar;C:\Users\hukka\.m2\repository\org\apache\tomcat\embed\tomcat-embed-websocket\10.1.43\tomcat-embed-websocket-10.1.43.jar;C:\Users\hukka\.m2\repository\jakarta\xml\bind\jakarta.xml.bind-api\4.0.2\jakarta.xml.bind-api-4.0.2.jar;C:\Users\hukka\.m2\repository\jakarta\activation\jakarta.activation-api\2.1.3\jakarta.activation-api-2.1.3.jar;C:\Users\hukka\.m2\repository\org\springframework\spring-core\6.2.9\spring-core-6.2.9.jar;C:\Users\hukka\.m2\repository\org\springframework\spring-jcl\6.2.9\spring-jcl-6.2.9.jar;C:\Users\hukka\.m2\repository\org\springframework\boot\spring-boot-starter-jdbc\3.5.4\spring-boot-starter-jdbc-3.5.4.jar;C:\Users\hukka\.m2\repository\com\zaxxer\HikariCP\6.3.1\HikariCP-6.3.1.jar;C:\Users\hukka\.m2\repository\org\springframework\spring-jdbc\6.2.9\spring-jdbc-6.2.9.jar;C:\Users\hukka\.m2\repository\org\springframework\spring-tx\6.2.9\spring-tx-6.2.9.jar;C:\Users\hukka\.m2\repository\org\projectlombok\lombok\1.18.38\lombok-1.18.38.jar;C:\Users\hukka\.m2\repository\org\mybatis\spring\boot\mybatis-spring-boot-starter\3.0.4\mybatis-spring-boot-starter-3.0.4.jar;C:\Users\hukka\.m2\repository\org\mybatis\spring\boot\mybatis-spring-boot-autoconfigure\3.0.4\mybatis-spring-boot-autoconfigure-3.0.4.jar;C:\Users\hukka\.m2\repository\org\mybatis\mybatis\3.5.17\mybatis-3.5.17.jar;C:\Users\hukka\.m2\repository\org\mybatis\mybatis-spring\3.0.4\mybatis-spring-3.0.4.jar;C:\Users\hukka\.m2\repository\nz\net\ultraq\thymeleaf\thymeleaf-layout-dialect\3.2.1\thymeleaf-layout-dialect-3.2.1.jar;C:\Users\hukka\.m2\repository\org\apache\groovy\groovy\4.0.28\groovy-4.0.28.jar;C:\Users\hukka\.m2\repository\nz\net\ultraq\groovy\groovy-extensions\2.1.0\groovy-extensions-2.1.0.jar;C:\Users\hukka\.m2\repository\nz\net\ultraq\thymeleaf\thymeleaf-expression-processor\3.1.1\thymeleaf-expression-processor-3.1.1.jar;C:\Users\hukka\.m2\repository\org\thymeleaf\thymeleaf\3.1.3.RELEASE\thymeleaf-3.1.3.RELEASE.jar;C:\Users\hukka\.m2\repository\ognl\ognl\3.3.4\ognl-3.3.4.jar;C:\Users\hukka\.m2\repository\org\javassist\javassist\3.29.0-GA\javassist-3.29.0-GA.jar;C:\Users\hukka\.m2\repository\org\attoparser\attoparser\2.0.7.RELEASE\attoparser-2.0.7.RELEASE.jar;C:\Users\hukka\.m2\repository\org\unbescape\unbescape\1.1.6.RELEASE\unbescape-1.1.6.RELEASE.jar;C:\Users\hukka\.m2\repository\org\slf4j\slf4j-api\2.0.17\slf4j-api-2.0.17.jar;C:\Users\hukka\.m2\repository\org\springframework\boot\spring-boot-starter-security\3.5.4\spring-boot-starter-security-3.5.4.jar;C:\Users\hukka\.m2\repository\org\springframework\spring-aop\6.2.9\spring-aop-6.2.9.jar;C:\Users\hukka\.m2\repository\org\springframework\security\spring-security-config\6.5.2\spring-security-config-6.5.2.jar;C:\Users\hukka\.m2\repository\org\springframework\security\spring-security-core\6.5.2\spring-security-core-6.5.2.jar;C:\Users\hukka\.m2\repository\org\springframework\security\spring-security-crypto\6.5.2\spring-security-crypto-6.5.2.jar;C:\Users\hukka\.m2\repository\org\springframework\security\spring-security-web\6.5.2\spring-security-web-6.5.2.jar;C:\Users\hukka\.m2\repository\io\jsonwebtoken\jjwt-api\0.11.5\jjwt-api-0.11.5.jar;C:\Users\hukka\.m2\repository\io\jsonwebtoken\jjwt-impl\0.11.5\jjwt-impl-0.11.5.jar;C:\Users\hukka\.m2\repository\io\jsonwebtoken\jjwt-jackson\0.11.5\jjwt-jackson-0.11.5.jar;C:\Users\hukka\.m2\repository\com\fasterxml\jackson\core\jackson-databind\2.19.2\jackson-databind-2.19.2.jar;C:\Users\hukka\.m2\repository\com\fasterxml\jackson\core\jackson-annotations\2.19.2\jackson-annotations-2.19.2.jar;C:\Users\hukka\.m2\repository\com\fasterxml\jackson\core\jackson-core\2.19.2\jackson-core-2.19.2.jar;C:\Users\hukka\.m2\repository\com\google\firebase\firebase-admin\9.2.0\firebase-admin-9.2.0.jar;C:\Users\hukka\.m2\repository\com\google\api-client\google-api-client\2.2.0\google-api-client-2.2.0.jar;C:\Users\hukka\.m2\repository\commons-codec\commons-codec\1.18.0\commons-codec-1.18.0.jar;C:\Users\hukka\.m2\repository\com\google\oauth-client\google-oauth-client\1.34.1\google-oauth-client-1.34.1.jar;C:\Users\hukka\.m2\repository\com\google\http-client\google-http-client-gson\1.42.3\google-http-client-gson-1.42.3.jar;C:\Users\hukka\.m2\repository\com\google\http-client\google-http-client-apache-v2\1.42.3\google-http-client-apache-v2-1.42.3.jar;C:\Users\hukka\.m2\repository\org\apache\httpcomponents\httpcore\4.4.16\httpcore-4.4.16.jar;C:\Users\hukka\.m2\repository\org\apache\httpcomponents\httpclient\4.5.14\httpclient-4.5.14.jar;C:\Users\hukka\.m2\repository\com\google\api-client\google-api-client-gson\2.2.0\google-api-client-gson-2.2.0.jar;C:\Users\hukka\.m2\repository\com\google\http-client\google-http-client\1.43.1\google-http-client-1.43.1.jar;C:\Users\hukka\.m2\repository\com\google\code\findbugs\jsr305\3.0.2\jsr305-3.0.2.jar;C:\Users\hukka\.m2\repository\com\google\errorprone\error_prone_annotations\2.18.0\error_prone_annotations-2.18.0.jar;C:\Users\hukka\.m2\repository\com\google\j2objc\j2objc-annotations\1.3\j2objc-annotations-1.3.jar;C:\Users\hukka\.m2\repository\io\opencensus\opencensus-api\0.31.1\opencensus-api-0.31.1.jar;C:\Users\hukka\.m2\repository\io\opencensus\opencensus-contrib-http-util\0.31.1\opencensus-contrib-http-util-0.31.1.jar;C:\Users\hukka\.m2\repository\com\google\api\api-common\2.12.0\api-common-2.12.0.jar;C:\Users\hukka\.m2\repository\com\google\auto\value\auto-value-annotations\1.10.1\auto-value-annotations-1.10.1.jar;C:\Users\hukka\.m2\repository\javax\annotation\javax.annotation-api\1.3.2\javax.annotation-api-1.3.2.jar;C:\Users\hukka\.m2\repository\com\google\auth\google-auth-library-oauth2-http\1.17.0\google-auth-library-oauth2-http-1.17.0.jar;C:\Users\hukka\.m2\repository\com\google\auth\google-auth-library-credentials\1.17.0\google-auth-library-credentials-1.17.0.jar;C:\Users\hukka\.m2\repository\com\google\cloud\google-cloud-storage\2.22.4\google-cloud-storage-2.22.4.jar;C:\Users\hukka\.m2\repository\com\google\guava\failureaccess\1.0.1\failureaccess-1.0.1.jar;C:\Users\hukka\.m2\repository\com\google\guava\listenablefuture\9999.0-empty-to-avoid-conflict-with-guava\listenablefuture-9999.0-empty-to-avoid-conflict-with-guava.jar;C:\Users\hukka\.m2\repository\com\google\http-client\google-http-client-jackson2\1.43.1\google-http-client-jackson2-1.43.1.jar;C:\Users\hukka\.m2\repository\com\google\apis\google-api-services-storage\v1-rev20230301-2.0.0\google-api-services-storage-v1-rev20230301-2.0.0.jar;C:\Users\hukka\.m2\repository\com\google\code\gson\gson\2.13.1\gson-2.13.1.jar;C:\Users\hukka\.m2\repository\com\google\cloud\google-cloud-core\2.19.0\google-cloud-core-2.19.0.jar;C:\Users\hukka\.m2\repository\com\google\cloud\google-cloud-core-http\2.19.0\google-cloud-core-http-2.19.0.jar;C:\Users\hukka\.m2\repository\com\google\http-client\google-http-client-appengine\1.43.1\google-http-client-appengine-1.43.1.jar;C:\Users\hukka\.m2\repository\com\google\api\gax-httpjson\0.114.0\gax-httpjson-0.114.0.jar;C:\Users\hukka\.m2\repository\com\google\cloud\google-cloud-core-grpc\2.19.0\google-cloud-core-grpc-2.19.0.jar;C:\Users\hukka\.m2\repository\com\google\api\gax\2.29.0\gax-2.29.0.jar;C:\Users\hukka\.m2\repository\com\google\api\gax-grpc\2.29.0\gax-grpc-2.29.0.jar;C:\Users\hukka\.m2\repository\io\grpc\grpc-alts\1.55.1\grpc-alts-1.55.1.jar;C:\Users\hukka\.m2\repository\io\grpc\grpc-grpclb\1.55.1\grpc-grpclb-1.55.1.jar;C:\Users\hukka\.m2\repository\org\conscrypt\conscrypt-openjdk-uber\2.5.2\conscrypt-openjdk-uber-2.5.2.jar;C:\Users\hukka\.m2\repository\io\grpc\grpc-auth\1.55.1\grpc-auth-1.55.1.jar;C:\Users\hukka\.m2\repository\io\grpc\grpc-protobuf\1.55.1\grpc-protobuf-1.55.1.jar;C:\Users\hukka\.m2\repository\io\grpc\grpc-protobuf-lite\1.55.1\grpc-protobuf-lite-1.55.1.jar;C:\Users\hukka\.m2\repository\io\grpc\grpc-context\1.55.1\grpc-context-1.55.1.jar;C:\Users\hukka\.m2\repository\com\google\api\grpc\proto-google-iam-v1\1.15.0\proto-google-iam-v1-1.15.0.jar;C:\Users\hukka\.m2\repository\com\google\protobuf\protobuf-java\3.23.2\protobuf-java-3.23.2.jar;C:\Users\hukka\.m2\repository\com\google\protobuf\protobuf-java-util\3.23.2\protobuf-java-util-3.23.2.jar;C:\Users\hukka\.m2\repository\com\google\api\grpc\proto-google-common-protos\2.20.0\proto-google-common-protos-2.20.0.jar;C:\Users\hukka\.m2\repository\org\threeten\threetenbp\1.6.8\threetenbp-1.6.8.jar;C:\Users\hukka\.m2\repository\com\google\api\grpc\proto-google-cloud-storage-v2\2.22.4-alpha\proto-google-cloud-storage-v2-2.22.4-alpha.jar;C:\Users\hukka\.m2\repository\com\google\api\grpc\grpc-google-cloud-storage-v2\2.22.4-alpha\grpc-google-cloud-storage-v2-2.22.4-alpha.jar;C:\Users\hukka\.m2\repository\com\google\api\grpc\gapic-google-cloud-storage-v2\2.22.4-alpha\gapic-google-cloud-storage-v2-2.22.4-alpha.jar;C:\Users\hukka\.m2\repository\io\grpc\grpc-api\1.55.1\grpc-api-1.55.1.jar;C:\Users\hukka\.m2\repository\io\grpc\grpc-netty-shaded\1.55.1\grpc-netty-shaded-1.55.1.jar;C:\Users\hukka\.m2\repository\io\perfmark\perfmark-api\0.26.0\perfmark-api-0.26.0.jar;C:\Users\hukka\.m2\repository\io\grpc\grpc-core\1.55.1\grpc-core-1.55.1.jar;C:\Users\hukka\.m2\repository\com\google\android\annotations\4.1.1.4\annotations-4.1.1.4.jar;C:\Users\hukka\.m2\repository\org\codehaus\mojo\animal-sniffer-annotations\1.23\animal-sniffer-annotations-1.23.jar;C:\Users\hukka\.m2\repository\io\grpc\grpc-stub\1.55.1\grpc-stub-1.55.1.jar;C:\Users\hukka\.m2\repository\io\grpc\grpc-googleapis\1.55.1\grpc-googleapis-1.55.1.jar;C:\Users\hukka\.m2\repository\org\checkerframework\checker-qual\3.32.0\checker-qual-3.32.0.jar;C:\Users\hukka\.m2\repository\io\grpc\grpc-xds\1.55.1\grpc-xds-1.55.1.jar;C:\Users\hukka\.m2\repository\io\opencensus\opencensus-proto\0.2.0\opencensus-proto-0.2.0.jar;C:\Users\hukka\.m2\repository\io\grpc\grpc-services\1.55.1\grpc-services-1.55.1.jar;C:\Users\hukka\.m2\repository\com\google\re2j\re2j\1.6\re2j-1.6.jar;C:\Users\hukka\.m2\repository\io\grpc\grpc-rls\1.55.1\grpc-rls-1.55.1.jar;C:\Users\hukka\.m2\repository\com\google\cloud\google-cloud-firestore\3.13.0\google-cloud-firestore-3.13.0.jar;C:\Users\hukka\.m2\repository\commons-logging\commons-logging\1.2\commons-logging-1.2.jar;C:\Users\hukka\.m2\repository\com\google\api\grpc\proto-google-cloud-firestore-v1\3.13.0\proto-google-cloud-firestore-v1-3.13.0.jar;C:\Users\hukka\.m2\repository\com\google\cloud\proto-google-cloud-firestore-bundle-v1\3.13.0\proto-google-cloud-firestore-bundle-v1-3.13.0.jar;C:\Users\hukka\.m2\repository\io\opencensus\opencensus-contrib-grpc-util\0.31.1\opencensus-contrib-grpc-util-0.31.1.jar;C:\Users\hukka\.m2\repository\com\google\guava\guava\31.1-jre\guava-31.1-jre.jar;C:\Users\hukka\.m2\repository\io\netty\netty-codec-http\4.1.123.Final\netty-codec-http-4.1.123.Final.jar;C:\Users\hukka\.m2\repository\io\netty\netty-common\4.1.123.Final\netty-common-4.1.123.Final.jar;C:\Users\hukka\.m2\repository\io\netty\netty-buffer\4.1.123.Final\netty-buffer-4.1.123.Final.jar;C:\Users\hukka\.m2\repository\io\netty\netty-codec\4.1.123.Final\netty-codec-4.1.123.Final.jar;C:\Users\hukka\.m2\repository\io\netty\netty-handler\4.1.123.Final\netty-handler-4.1.123.Final.jar;C:\Users\hukka\.m2\repository\io\netty\netty-resolver\4.1.123.Final\netty-resolver-4.1.123.Final.jar;C:\Users\hukka\.m2\repository\io\netty\netty-transport-native-unix-common\4.1.123.Final\netty-transport-native-unix-common-4.1.123.Final.jar;C:\Users\hukka\.m2\repository\io\netty\netty-transport\4.1.123.Final\netty-transport-4.1.123.Final.jar;C:\Users\hukka\.m2\repository\org\springframework\boot\spring-boot-starter-mail\3.5.4\spring-boot-starter-mail-3.5.4.jar;C:\Users\hukka\.m2\repository\org\springframework\spring-context-support\6.2.9\spring-context-support-6.2.9.jar;C:\Users\hukka\.m2\repository\org\eclipse\angus\jakarta.mail\2.0.3\jakarta.mail-2.0.3.jar;C:\Users\hukka\.m2\repository\org\eclipse\angus\angus-activation\2.0.2\angus-activation-2.0.2.jar;C:\Users\hukka\.m2\repository\com\oracle\database\jdbc\ojdbc11\23.4.0.24.05\ojdbc11-23.4.0.24.05.jar;C:\Users\hukka\.m2\repository\com\google\zxing\core\3.5.1\core-3.5.1.jar;C:\Users\hukka\.m2\repository\com\google\zxing\javase\3.5.1\javase-3.5.1.jar;C:\Users\hukka\.m2\repository\com\beust\jcommander\1.82\jcommander-1.82.jar;C:\Users\hukka\.m2\repository\com\github\jai-imageio\jai-imageio-core\1.4.0\jai-imageio-core-1.4.0.jar;C:\Users\hukka\.m2\repository\org\bytedeco\tesseract\5.0.1-1.5.7\tesseract-5.0.1-1.5.7.jar;C:\Users\hukka\.m2\repository\org\bytedeco\leptonica\1.82.0-1.5.7\leptonica-1.82.0-1.5.7.jar;C:\Users\hukka\.m2\repository\org\bytedeco\javacpp\1.5.7\javacpp-1.5.7.jar;C:\Users\hukka\.m2\repository\org\bytedeco\tesseract-platform\5.0.1-1.5.7\tesseract-platform-5.0.1-1.5.7.jar;C:\Users\hukka\.m2\repository\org\bytedeco\leptonica-platform\1.82.0-1.5.7\leptonica-platform-1.82.0-1.5.7.jar;C:\Users\hukka\.m2\repository\org\bytedeco\javacpp-platform\1.5.7\javacpp-platform-1.5.7.jar;C:\Users\hukka\.m2\repository\org\bytedeco\javacpp\1.5.7\javacpp-1.5.7-android-arm.jar;C:\Users\hukka\.m2\repository\org\bytedeco\javacpp\1.5.7\javacpp-1.5.7-android-arm64.jar;C:\Users\hukka\.m2\repository\org\bytedeco\javacpp\1.5.7\javacpp-1.5.7-android-x86.jar;C:\Users\hukka\.m2\repository\org\bytedeco\javacpp\1.5.7\javacpp-1.5.7-android-x86_64.jar;C:\Users\hukka\.m2\repository\org\bytedeco\javacpp\1.5.7\javacpp-1.5.7-ios-arm64.jar;C:\Users\hukka\.m2\repository\org\bytedeco\javacpp\1.5.7\javacpp-1.5.7-ios-x86_64.jar;C:\Users\hukka\.m2\repository\org\bytedeco\javacpp\1.5.7\javacpp-1.5.7-linux-armhf.jar;C:\Users\hukka\.m2\repository\org\bytedeco\javacpp\1.5.7\javacpp-1.5.7-linux-arm64.jar;C:\Users\hukka\.m2\repository\org\bytedeco\javacpp\1.5.7\javacpp-1.5.7-linux-ppc64le.jar;C:\Users\hukka\.m2\repository\org\bytedeco\javacpp\1.5.7\javacpp-1.5.7-linux-x86.jar;C:\Users\hukka\.m2\repository\org\bytedeco\javacpp\1.5.7\javacpp-1.5.7-linux-x86_64.jar;C:\Users\hukka\.m2\repository\org\bytedeco\javacpp\1.5.7\javacpp-1.5.7-macosx-arm64.jar;C:\Users\hukka\.m2\repository\org\bytedeco\javacpp\1.5.7\javacpp-1.5.7-macosx-x86_64.jar;C:\Users\hukka\.m2\repository\org\bytedeco\javacpp\1.5.7\javacpp-1.5.7-windows-x86.jar;C:\Users\hukka\.m2\repository\org\bytedeco\javacpp\1.5.7\javacpp-1.5.7-windows-x86_64.jar;C:\Users\hukka\.m2\repository\org\bytedeco\leptonica\1.82.0-1.5.7\leptonica-1.82.0-1.5.7-android-arm.jar;C:\Users\hukka\.m2\repository\org\bytedeco\leptonica\1.82.0-1.5.7\leptonica-1.82.0-1.5.7-android-arm64.jar;C:\Users\hukka\.m2\repository\org\bytedeco\leptonica\1.82.0-1.5.7\leptonica-1.82.0-1.5.7-android-x86.jar;C:\Users\hukka\.m2\repository\org\bytedeco\leptonica\1.82.0-1.5.7\leptonica-1.82.0-1.5.7-android-x86_64.jar;C:\Users\hukka\.m2\repository\org\bytedeco\leptonica\1.82.0-1.5.7\leptonica-1.82.0-1.5.7-linux-x86.jar;C:\Users\hukka\.m2\repository\org\bytedeco\leptonica\1.82.0-1.5.7\leptonica-1.82.0-1.5.7-linux-x86_64.jar;C:\Users\hukka\.m2\repository\org\bytedeco\leptonica\1.82.0-1.5.7\leptonica-1.82.0-1.5.7-linux-armhf.jar;C:\Users\hukka\.m2\repository\org\bytedeco\leptonica\1.82.0-1.5.7\leptonica-1.82.0-1.5.7-linux-arm64.jar;C:\Users\hukka\.m2\repository\org\bytedeco\leptonica\1.82.0-1.5.7\leptonica-1.82.0-1.5.7-linux-ppc64le.jar;C:\Users\hukka\.m2\repository\org\bytedeco\leptonica\1.82.0-1.5.7\leptonica-1.82.0-1.5.7-macosx-x86_64.jar;C:\Users\hukka\.m2\repository\org\bytedeco\leptonica\1.82.0-1.5.7\leptonica-1.82.0-1.5.7-windows-x86.jar;C:\Users\hukka\.m2\repository\org\bytedeco\leptonica\1.82.0-1.5.7\leptonica-1.82.0-1.5.7-windows-x86_64.jar;C:\Users\hukka\.m2\repository\org\bytedeco\tesseract\5.0.1-1.5.7\tesseract-5.0.1-1.5.7-android-arm.jar;C:\Users\hukka\.m2\repository\org\bytedeco\tesseract\5.0.1-1.5.7\tesseract-5.0.1-1.5.7-android-arm64.jar;C:\Users\hukka\.m2\repository\org\bytedeco\tesseract\5.0.1-1.5.7\tesseract-5.0.1-1.5.7-android-x86.jar;C:\Users\hukka\.m2\repository\org\bytedeco\tesseract\5.0.1-1.5.7\tesseract-5.0.1-1.5.7-android-x86_64.jar;C:\Users\hukka\.m2\repository\org\bytedeco\tesseract\5.0.1-1.5.7\tesseract-5.0.1-1.5.7-linux-x86.jar;C:\Users\hukka\.m2\repository\org\bytedeco\tesseract\5.0.1-1.5.7\tesseract-5.0.1-1.5.7-linux-x86_64.jar;C:\Users\hukka\.m2\repository\org\bytedeco\tesseract\5.0.1-1.5.7\tesseract-5.0.1-1.5.7-linux-armhf.jar;C:\Users\hukka\.m2\repository\org\bytedeco\tesseract\5.0.1-1.5.7\tesseract-5.0.1-1.5.7-linux-arm64.jar;C:\Users\hukka\.m2\repository\org\bytedeco\tesseract\5.0.1-1.5.7\tesseract-5.0.1-1.5.7-linux-ppc64le.jar;C:\Users\hukka\.m2\repository\org\bytedeco\tesseract\5.0.1-1.5.7\tesseract-5.0.1-1.5.7-macosx-x86_64.jar;C:\Users\hukka\.m2\repository\org\bytedeco\tesseract\5.0.1-1.5.7\tesseract-5.0.1-1.5.7-windows-x86.jar;C:\Users\hukka\.m2\repository\org\bytedeco\tesseract\5.0.1-1.5.7\tesseract-5.0.1-1.5.7-windows-x86_64.jar;C:\Users\hukka\.m2\repository\org\springdoc\springdoc-openapi-starter-webmvc-ui\2.8.11\springdoc-openapi-starter-webmvc-ui-2.8.11.jar;C:\Users\hukka\.m2\repository\org\springdoc\springdoc-openapi-starter-webmvc-api\2.8.11\springdoc-openapi-starter-webmvc-api-2.8.11.jar;C:\Users\hukka\.m2\repository\org\springdoc\springdoc-openapi-starter-common\2.8.11\springdoc-openapi-starter-common-2.8.11.jar;C:\Users\hukka\.m2\repository\org\springframework\boot\spring-boot-starter-validation\3.5.4\spring-boot-starter-validation-3.5.4.jar;C:\Users\hukka\.m2\repository\org\hibernate\validator\hibernate-validator\8.0.2.Final\hibernate-validator-8.0.2.Final.jar;C:\Users\hukka\.m2\repository\org\jboss\logging\jboss-logging\3.6.1.Final\jboss-logging-3.6.1.Final.jar;C:\Users\hukka\.m2\repository\com\fasterxml\classmate\1.7.0\classmate-1.7.0.jar;C:\Users\hukka\.m2\repository\io\swagger\core\v3\swagger-core-jakarta\2.2.36\swagger-core-jakarta-2.2.36.jar;C:\Users\hukka\.m2\repository\org\apache\commons\commons-lang3\3.17.0\commons-lang3-3.17.0.jar;C:\Users\hukka\.m2\repository\io\swagger\core\v3\swagger-annotations-jakarta\2.2.36\swagger-annotations-jakarta-2.2.36.jar;C:\Users\hukka\.m2\repository\io\swagger\core\v3\swagger-models-jakarta\2.2.36\swagger-models-jakarta-2.2.36.jar;C:\Users\hukka\.m2\repository\jakarta\validation\jakarta.validation-api\3.0.2\jakarta.validation-api-3.0.2.jar;C:\Users\hukka\.m2\repository\com\fasterxml\jackson\dataformat\jackson-dataformat-yaml\2.19.2\jackson-dataformat-yaml-2.19.2.jar;C:\Users\hukka\.m2\repository\org\webjars\swagger-ui\5.27.1\swagger-ui-5.27.1.jar;C:\Users\hukka\.m2\repository\org\webjars\webjars-locator-lite\1.1.0\webjars-locator-lite-1.1.0.jar;C:\Users\hukka\.m2\repository\org\jspecify\jspecify\1.0.0\jspecify-1.0.0.jar
Launcher Type: SUN_STANDARD

[Global flags]
     intx CICompilerCount                          = 4                                         {product} {ergonomic}
     uint ConcGCThreads                            = 2                                         {product} {ergonomic}
     uint G1ConcRefinementThreads                  = 8                                         {product} {ergonomic}
   size_t G1HeapRegionSize                         = 2097152                                   {product} {ergonomic}
    uintx GCDrainStackTargetSize                   = 64                                        {product} {ergonomic}
   size_t InitialHeapSize                          = 266338304                                 {product} {ergonomic}
     bool ManagementServer                         = true                                      {product} {command line}
   size_t MarkStackSize                            = 4194304                                   {product} {ergonomic}
   size_t MaxHeapSize                              = 4238344192                                {product} {ergonomic}
   size_t MaxNewSize                               = 2541748224                                {product} {ergonomic}
   size_t MinHeapDeltaBytes                        = 2097152                                   {product} {ergonomic}
   size_t MinHeapSize                              = 8388608                                   {product} {ergonomic}
    uintx NonNMethodCodeHeapSize                   = 4096                                   {pd product} {ergonomic}
    uintx NonProfiledCodeHeapSize                  = 0                                      {pd product} {ergonomic}
     bool ProfileInterpreter                       = false                                  {pd product} {command line}
    uintx ProfiledCodeHeapSize                     = 0                                      {pd product} {ergonomic}
     bool ShowCodeDetailsInExceptionMessages       = true                                   {manageable} {command line}
   size_t SoftMaxHeapSize                          = 4238344192                             {manageable} {ergonomic}
     intx TieredStopAtLevel                        = 1                                         {product} {command line}
     bool UseCompressedOops                        = true                           {product lp64_product} {ergonomic}
     bool UseG1GC                                  = true                                      {product} {ergonomic}
     bool UseLargePagesIndividualAllocation        = false                                  {pd product} {ergonomic}

Logging:
Log output configuration:
 #0: stdout all=warning uptime,level,tags foldmultilines=false
 #1: stderr all=off uptime,level,tags foldmultilines=false

Environment Variables:
PATH=C:\sts-4.31.0.RELEASE\plugins\org.eclipse.justj.openjdk.hotspot.jre.full.win32.x86_64_21.0.7.v20250502-0916\jre\bin;C:/sts-4.31.0.RELEASE//plugins/org.eclipse.justj.openjdk.hotspot.jre.full.win32.x86_64_21.0.7.v20250502-0916/jre/bin/server;C:/sts-4.31.0.RELEASE//plugins/org.eclipse.justj.openjdk.hotspot.jre.full.win32.x86_64_21.0.7.v20250502-0916/jre/bin;C:\Program Files\Python313\Scripts\;C:\Program Files\Python313\;C:\Program Files (x86)\Common Files\Oracle\Java\java8path;C:\Program Files (x86)\Common Files\Oracle\Java\javapath;C:\app\hukka\product\21c\dbhomeXE\bin;C:\app\Administrator\product\21c\dbhomeXE\bin;C:\app\uger\product\21c\dbhomeXE\bin;C:\WINDOWS\system32;C:\WINDOWS;C:\WINDOWS\System32\Wbem;C:\WINDOWS\System32\WindowsPowerShell\v1.0\;C:\WINDOWS\System32\OpenSSH\;C:\Program Files\Git\cmd;C:\Users\hukka\AppData\Local\Programs\Python\Launcher\;C:\Users\hukka\AppData\Local\Microsoft\WindowsApps;;C:\sts-4.31.0.RELEASE;
USERNAME=hukka
OS=Windows_NT
PROCESSOR_IDENTIFIER=Intel64 Family 6 Model 142 Stepping 12, GenuineIntel
TMP=C:\Users\hukka\AppData\Local\Temp
TEMP=C:\Users\hukka\AppData\Local\Temp




Periodic native trim disabled

---------------  S Y S T E M  ---------------

OS:
 Windows 11 , 64 bit Build 26100 (10.0.26100.4768)
OS uptime: 13 days 3:59 hours
Hyper-V role detected

CPU: total 8 (initial active 8) (4 cores per cpu, 2 threads per core) family 6 model 142 stepping 12 microcode 0xde, cx8, cmov, fxsr, ht, mmx, 3dnowpref, sse, sse2, sse3, ssse3, sse4.1, sse4.2, popcnt, lzcnt, tsc, tscinvbit, avx, avx2, aes, erms, clmul, bmi1, bmi2, adx, fma, vzeroupper, clflush, clflushopt, hv, rdtscp, f16c
Processor Information for the first 8 processors :
  Max Mhz: 2112, Current Mhz: 1609, Mhz Limit: 1605

Memory: 4k page, system-wide physical 16165M (3060M free)
TotalPageFile size 19109M (AvailPageFile size 3776M)
current process WorkingSet (physical memory assigned to process): 332M, peak: 333M
current process commit charge ("private bytes"): 369M, peak: 375M

vm_info: OpenJDK 64-Bit Server VM (21.0.7+6-LTS) for windows-amd64 JRE (21.0.7+6-LTS), built on 2025-04-15T00:00:00Z by "admin" with MS VC++ 17.7 (VS2022)

END.
